Log file open, 08/05/18 22:39:56
LogWindows: Failed to load 'aqProf.dll' (GetLastError=126)
LogWindows: File 'aqProf.dll' does not exist
LogWindows: Failed to load 'VSPerf140.dll' (GetLastError=126)
LogWindows: File 'VSPerf140.dll' does not exist
LogWindows: Failed to load 'VtuneApi.dll' (GetLastError=126)
LogWindows: File 'VtuneApi.dll' does not exist
LogWindows: Failed to load 'VtuneApi32e.dll' (GetLastError=126)
LogWindows: File 'VtuneApi32e.dll' does not exist
LogInit: Display: Running engine for game: MyProject
LogPlatformFile: Not using cached read wrapper
LogInit: Display: RandInit(-1000820980) SRandInit(-1000820980).
LogInit: Read version file with build ID '3944462'
LogInit: Overriding engine version to CL 3944462, compatible CL 3944462
LogInit: Registered custom module enumerator with build ID '3944462'
LogTaskGraph: Started task graph with 5 named threads and 14 total threads with 3 sets of task threads.
LogStats: Stats thread started at 0.160889
LogD3D11RHI: Aftermath initialized
LogICUInternationalization: Display: ICU TimeZone Detection - Raw Offset: -6:00, Platform Override: ''
LogModuleManager: Display: Found up-to-date module file ../../../Engine/Plugins/2D/Paper2D/Binaries/Win64/UE4Editor-Paper2D.dll (API version 3944462).
LogModuleManager: Display: Found up-to-date module file ../../../Engine/Plugins/2D/Paper2D/Binaries/Win64/UE4Editor-Paper2DEditor.dll (API version 3944462).
LogModuleManager: Display: Found up-to-date module file ../../../Engine/Plugins/2D/Paper2D/Binaries/Win64/UE4Editor-PaperSpriteSheetImporter.dll (API version 3944462).
LogModuleManager: Display: Found up-to-date module file ../../../Engine/Plugins/2D/Paper2D/Binaries/Win64/UE4Editor-PaperTiledImporter.dll (API version 3944462).
LogModuleManager: Display: Found up-to-date module file ../../../Engine/Plugins/2D/Paper2D/Binaries/Win64/UE4Editor-SmartSnapping.dll (API version 3944462).
LogModuleManager: Display: Found up-to-date module file ../../../Engine/Plugins/Blendables/LightPropagationVolume/Binaries/Win64/UE4Editor-LightPropagationVolumeRuntime.dll (API version 3944462).
LogModuleManager: Display: Found up-to-date module file ../../../Engine/Plugins/Blendables/LightPropagationVolume/Binaries/Win64/UE4Editor-LightPropagationVolumeEditor.dll (API version 3944462).
LogModuleManager: Display: Found up-to-date module file ../../../Engine/Plugins/Developer/CLionSourceCodeAccess/Binaries/Win64/UE4Editor-CLionSourceCodeAccess.dll (API version 3944462).
LogModuleManager: Display: Found up-to-date module file ../../../Engine/Plugins/Developer/GitSourceControl/Binaries/Win64/UE4Editor-GitSourceControl.dll (API version 3944462).
LogModuleManager: Display: Found up-to-date module file ../../../Engine/Plugins/Developer/PerforceSourceControl/Binaries/Win64/UE4Editor-PerforceSourceControl.dll (API version 3944462).
LogModuleManager: Display: Found up-to-date module file ../../../Engine/Plugins/Developer/SubversionSourceControl/Binaries/Win64/UE4Editor-SubversionSourceControl.dll (API version 3944462).
LogModuleManager: Display: Found up-to-date module file ../../../Engine/Plugins/Developer/UObjectPlugin/Binaries/Win64/UE4Editor-UObjectPlugin.dll (API version 3944462).
LogModuleManager: Display: Found up-to-date module file ../../../Engine/Plugins/Developer/VisualStudioCodeSourceCodeAccess/Binaries/Win64/UE4Editor-VisualStudioCodeSourceCodeAccess.dll (API version 3944462).
LogModuleManager: Display: Found up-to-date module file ../../../Engine/Plugins/Developer/VisualStudioSourceCodeAccess/Binaries/Win64/UE4Editor-VisualStudioSourceCodeAccess.dll (API version 3944462).
LogModuleManager: Display: Found up-to-date module file ../../../Engine/Plugins/Editor/AssetManagerEditor/Binaries/Win64/UE4Editor-AssetManagerEditor.dll (API version 3944462).
LogModuleManager: Display: Found up-to-date module file ../../../Engine/Plugins/Editor/CryptoKeys/Binaries/Win64/UE4Editor-CryptoKeys.dll (API version 3944462).
LogModuleManager: Display: Found up-to-date module file ../../../Engine/Plugins/Editor/CryptoKeys/Binaries/Win64/UE4Editor-CryptoKeysOpenSSL.dll (API version 3944462).
LogModuleManager: Display: Found up-to-date module file ../../../Engine/Plugins/Editor/DataValidation/Binaries/Win64/UE4Editor-DataValidation.dll (API version 3944462).
LogModuleManager: Display: Found up-to-date module file ../../../Engine/Plugins/Editor/FacialAnimation/Binaries/Win64/UE4Editor-FacialAnimation.dll (API version 3944462).
LogModuleManager: Display: Found up-to-date module file ../../../Engine/Plugins/Editor/FacialAnimation/Binaries/Win64/UE4Editor-FacialAnimationEditor.dll (API version 3944462).
LogModuleManager: Display: Found up-to-date module file ../../../Engine/Plugins/Editor/GameplayTagsEditor/Binaries/Win64/UE4Editor-GameplayTagsEditor.dll (API version 3944462).
LogModuleManager: Display: Found up-to-date module file ../../../Engine/Plugins/Editor/MobileLauncherProfileWizard/Binaries/Win64/UE4Editor-MobileLauncherProfileWizard.dll (API version 3944462).
LogModuleManager: Display: Found up-to-date module file ../../../Engine/Plugins/Editor/PluginBrowser/Binaries/Win64/UE4Editor-PluginBrowser.dll (API version 3944462).
LogModuleManager: Display: Found up-to-date module file ../../../Engine/Plugins/Editor/SpeedTreeImporter/Binaries/Win64/UE4Editor-SpeedTreeImporter.dll (API version 3944462).
LogModuleManager: Display: Found up-to-date module file ../../../Engine/Plugins/Enterprise/DatasmithContent/Binaries/Win64/UE4Editor-DatasmithContent.dll (API version 3944462).
LogModuleManager: Display: Found up-to-date module file ../../../Engine/Plugins/Experimental/AlembicImporter/Binaries/Win64/UE4Editor-AlembicImporter.dll (API version 3944462).
LogModuleManager: Display: Found up-to-date module file ../../../Engine/Plugins/Experimental/AlembicImporter/Binaries/Win64/UE4Editor-AlembicLibrary.dll (API version 3944462).
LogModuleManager: Display: Found up-to-date module file ../../../Engine/Plugins/Experimental/CharacterAI/Binaries/Win64/UE4Editor-CharacterAI.dll (API version 3944462).
LogModuleManager: Display: Found up-to-date module file ../../../Engine/Plugins/Experimental/HTML5Networking/Binaries/Win64/UE4Editor-HTML5Networking.dll (API version 3944462).
LogModuleManager: Display: Found up-to-date module file ../../../Engine/Plugins/Media/AndroidMedia/Binaries/Win64/UE4Editor-AndroidMediaEditor.dll (API version 3944462).
LogModuleManager: Display: Found up-to-date module file ../../../Engine/Plugins/Media/AndroidMedia/Binaries/Win64/UE4Editor-AndroidMediaFactory.dll (API version 3944462).
LogModuleManager: Display: Found up-to-date module file ../../../Engine/Plugins/Media/AvfMedia/Binaries/Win64/UE4Editor-AvfMediaEditor.dll (API version 3944462).
LogModuleManager: Display: Found up-to-date module file ../../../Engine/Plugins/Media/AvfMedia/Binaries/Win64/UE4Editor-AvfMediaFactory.dll (API version 3944462).
LogModuleManager: Display: Found up-to-date module file ../../../Engine/Plugins/Media/AvfMedia/Binaries/Win64/UE4Editor-AvfMediaFactory.dll (API version 3944462).
LogModuleManager: Display: Found up-to-date module file ../../../Engine/Plugins/Media/ImgMedia/Binaries/Win64/UE4Editor-ImgMedia.dll (API version 3944462).
LogModuleManager: Display: Found up-to-date module file ../../../Engine/Plugins/Media/ImgMedia/Binaries/Win64/UE4Editor-ImgMediaEditor.dll (API version 3944462).
LogModuleManager: Display: Found up-to-date module file ../../../Engine/Plugins/Media/ImgMedia/Binaries/Win64/UE4Editor-ImgMediaFactory.dll (API version 3944462).
LogModuleManager: Display: Found up-to-date module file ../../../Engine/Plugins/Media/ImgMedia/Binaries/Win64/UE4Editor-ImgMediaFactory.dll (API version 3944462).
LogModuleManager: Display: Found up-to-date module file ../../../Engine/Plugins/Media/ImgMedia/Binaries/Win64/UE4Editor-OpenExrWrapper.dll (API version 3944462).
LogModuleManager: Display: Found up-to-date module file ../../../Engine/Plugins/Media/LinearTimecode/Binaries/Win64/UE4Editor-LinearTimecode.dll (API version 3944462).
LogModuleManager: Display: Found up-to-date module file ../../../Engine/Plugins/Media/MediaCompositing/Binaries/Win64/UE4Editor-MediaCompositing.dll (API version 3944462).
LogModuleManager: Display: Found up-to-date module file ../../../Engine/Plugins/Media/MediaCompositing/Binaries/Win64/UE4Editor-MediaCompositingEditor.dll (API version 3944462).
LogModuleManager: Display: Found up-to-date module file ../../../Engine/Plugins/Media/MediaPlayerEditor/Binaries/Win64/UE4Editor-MediaPlayerEditor.dll (API version 3944462).
LogModuleManager: Display: Found up-to-date module file ../../../Engine/Plugins/Media/WmfMedia/Binaries/Win64/UE4Editor-WmfMedia.dll (API version 3944462).
LogModuleManager: Display: Found up-to-date module file ../../../Engine/Plugins/Media/WmfMedia/Binaries/Win64/UE4Editor-WmfMediaEditor.dll (API version 3944462).
LogModuleManager: Display: Found up-to-date module file ../../../Engine/Plugins/Media/WmfMedia/Binaries/Win64/UE4Editor-WmfMediaFactory.dll (API version 3944462).
LogModuleManager: Display: Found up-to-date module file ../../../Engine/Plugins/Media/WmfMedia/Binaries/Win64/UE4Editor-WmfMediaFactory.dll (API version 3944462).
LogModuleManager: Display: Found up-to-date module file ../../../Engine/Plugins/Messaging/TcpMessaging/Binaries/Win64/UE4Editor-TcpMessaging.dll (API version 3944462).
LogModuleManager: Display: Found up-to-date module file ../../../Engine/Plugins/Messaging/UdpMessaging/Binaries/Win64/UE4Editor-UdpMessaging.dll (API version 3944462).
LogModuleManager: Display: Found up-to-date module file ../../../Engine/Plugins/MovieScene/ActorSequence/Binaries/Win64/UE4Editor-ActorSequence.dll (API version 3944462).
LogModuleManager: Display: Found up-to-date module file ../../../Engine/Plugins/MovieScene/LevelSequenceEditor/Binaries/Win64/UE4Editor-LevelSequenceEditor.dll (API version 3944462).
LogModuleManager: Display: Found up-to-date module file ../../../Engine/Plugins/MovieScene/MatineeToLevelSequence/Binaries/Win64/UE4Editor-MatineeToLevelSequence.dll (API version 3944462).
LogModuleManager: Display: Found up-to-date module file ../../../Engine/Plugins/NetcodeUnitTest/NetcodeUnitTest/Binaries/Win64/UE4Editor-NetcodeUnitTest.dll (API version 3944462).
LogModuleManager: Display: Found up-to-date module file ../../../Engine/Plugins/NetcodeUnitTest/NUTUnrealEngine4/Binaries/Win64/UE4Editor-NUTUnrealEngine4.dll (API version 3944462).
LogModuleManager: Display: Found up-to-date module file ../../../Engine/Plugins/Online/OnlineSubsystem/Binaries/Win64/UE4Editor-OnlineSubsystem.dll (API version 3944462).
LogModuleManager: Display: Found up-to-date module file ../../../Engine/Plugins/Runtime/AndroidPermission/Binaries/Win64/UE4Editor-AndroidPermission.dll (API version 3944462).
LogModuleManager: Display: Found up-to-date module file ../../../Engine/Plugins/Online/OnlineSubsystemNull/Binaries/Win64/UE4Editor-OnlineSubsystemNull.dll (API version 3944462).
LogModuleManager: Display: Found up-to-date module file ../../../Engine/Plugins/Online/OnlineSubsystemUtils/Binaries/Win64/UE4Editor-OnlineSubsystemUtils.dll (API version 3944462).
LogModuleManager: Display: Found up-to-date module file ../../../Engine/Plugins/Online/OnlineSubsystemUtils/Binaries/Win64/UE4Editor-OnlineBlueprintSupport.dll (API version 3944462).
LogModuleManager: Display: Found up-to-date module file ../../../Engine/Plugins/Runtime/AndroidDeviceProfileSelector/Binaries/Win64/UE4Editor-AndroidDeviceProfileSelector.dll (API version 3944462).
LogModuleManager: Display: Found up-to-date module file ../../../Engine/Plugins/Runtime/AppleARKit/Binaries/Win64/UE4Editor-AppleARKit.dll (API version 3944462).
LogModuleManager: Display: Found up-to-date module file ../../../Engine/Plugins/Runtime/ProceduralMeshComponent/Binaries/Win64/UE4Editor-ProceduralMeshComponent.dll (API version 3944462).
LogModuleManager: Display: Found up-to-date module file ../../../Engine/Plugins/Runtime/ProceduralMeshComponent/Binaries/Win64/UE4Editor-ProceduralMeshComponentEditor.dll (API version 3944462).
LogModuleManager: Display: Found up-to-date module file ../../../Engine/Plugins/Animation/LiveLink/Binaries/Win64/UE4Editor-LiveLink.dll (API version 3944462).
LogModuleManager: Display: Found up-to-date module file ../../../Engine/Plugins/Animation/LiveLink/Binaries/Win64/UE4Editor-LiveLinkEditor.dll (API version 3944462).
LogModuleManager: Display: Found up-to-date module file ../../../Engine/Plugins/Runtime/ArchVisCharacter/Binaries/Win64/UE4Editor-ArchVisCharacter.dll (API version 3944462).
LogModuleManager: Display: Found up-to-date module file ../../../Engine/Plugins/Runtime/AudioCapture/Binaries/Win64/UE4Editor-AudioCapture.dll (API version 3944462).
LogModuleManager: Display: Found up-to-date module file ../../../Engine/Plugins/Runtime/AudioCapture/Binaries/Win64/UE4Editor-AudioCaptureEditor.dll (API version 3944462).
LogModuleManager: Display: Found up-to-date module file ../../../Engine/Plugins/Runtime/CableComponent/Binaries/Win64/UE4Editor-CableComponent.dll (API version 3944462).
LogModuleManager: Display: Found up-to-date module file ../../../Engine/Plugins/Runtime/CustomMeshComponent/Binaries/Win64/UE4Editor-CustomMeshComponent.dll (API version 3944462).
LogModuleManager: Display: Found up-to-date module file ../../../Engine/Plugins/Runtime/ExampleDeviceProfileSelector/Binaries/Win64/UE4Editor-ExampleDeviceProfileSelector.dll (API version 3944462).
LogModuleManager: Display: Found up-to-date module file ../../../Engine/Plugins/Runtime/ImmediatePhysics/Binaries/Win64/UE4Editor-ImmediatePhysics.dll (API version 3944462).
LogModuleManager: Display: Found up-to-date module file ../../../Engine/Plugins/Runtime/ImmediatePhysics/Binaries/Win64/UE4Editor-ImmediatePhysicsEditor.dll (API version 3944462).
LogModuleManager: Display: Found up-to-date module file ../../../Engine/Plugins/Runtime/LocationServicesBPLibrary/Binaries/Win64/UE4Editor-LocationServicesBPLibrary.dll (API version 3944462).
LogModuleManager: Display: Found up-to-date module file ../../../Engine/Plugins/Runtime/MobilePatchingUtils/Binaries/Win64/UE4Editor-MobilePatchingUtils.dll (API version 3944462).
LogModuleManager: Display: Found up-to-date module file ../../../Engine/Plugins/Runtime/Oculus/OculusVR/Binaries/Win64/UE4Editor-OculusHMD.dll (API version 3944462).
LogModuleManager: Display: Found up-to-date module file ../../../Engine/Plugins/Runtime/Oculus/OculusVR/Binaries/Win64/UE4Editor-OculusInput.dll (API version 3944462).
LogModuleManager: Display: Found up-to-date module file ../../../Engine/Plugins/Runtime/Oculus/OculusVR/Binaries/Win64/UE4Editor-OculusEditor.dll (API version 3944462).
LogModuleManager: Display: Found up-to-date module file ../../../Engine/Plugins/Runtime/PhysXVehicles/Binaries/Win64/UE4Editor-PhysXVehicles.dll (API version 3944462).
LogModuleManager: Display: Found up-to-date module file ../../../Engine/Plugins/Runtime/PhysXVehicles/Binaries/Win64/UE4Editor-PhysXVehiclesEditor.dll (API version 3944462).
LogModuleManager: Display: Found up-to-date module file ../../../Engine/Plugins/Runtime/RuntimePhysXCooking/Binaries/Win64/UE4Editor-RuntimePhysXCooking.dll (API version 3944462).
LogModuleManager: Display: Found up-to-date module file ../../../Engine/Plugins/Runtime/Steam/SteamVR/Binaries/Win64/UE4Editor-SteamVR.dll (API version 3944462).
LogModuleManager: Display: Found up-to-date module file ../../../Engine/Plugins/Runtime/Steam/SteamVR/Binaries/Win64/UE4Editor-SteamVRController.dll (API version 3944462).
LogModuleManager: Display: Found up-to-date module file ../../../Engine/Plugins/Runtime/WindowsMoviePlayer/Binaries/Win64/UE4Editor-WindowsMoviePlayer.dll (API version 3944462).
LogPluginManager: Mounting plugin Paper2D
LogPluginManager: Mounting plugin LiveLink
LogPluginManager: Mounting plugin LightPropagationVolume
LogPluginManager: Mounting plugin CLionSourceCodeAccess
LogPluginManager: Mounting plugin CodeLiteSourceCodeAccess
LogPluginManager: Mounting plugin GitSourceControl
LogPluginManager: Mounting plugin KDevelopSourceCodeAccess
LogPluginManager: Mounting plugin NullSourceCodeAccess
LogPluginManager: Mounting plugin PerforceSourceControl
LogPluginManager: Mounting plugin SubversionSourceControl
LogPluginManager: Mounting plugin UObjectPlugin
LogPluginManager: Mounting plugin VisualStudioCodeSourceCodeAccess
LogPluginManager: Mounting plugin VisualStudioSourceCodeAccess
LogPluginManager: Mounting plugin XCodeSourceCodeAccess
LogPluginManager: Mounting plugin AssetManagerEditor
LogPluginManager: Mounting plugin CryptoKeys
LogPluginManager: Mounting plugin DataValidation
LogPluginManager: Mounting plugin FacialAnimation
LogPluginManager: Mounting plugin GameplayTagsEditor
LogPluginManager: Mounting plugin MobileLauncherProfileWizard
LogPluginManager: Mounting plugin PluginBrowser
LogPluginManager: Mounting plugin SpeedTreeImporter
LogPluginManager: Mounting plugin DatasmithContent
LogPluginManager: Mounting plugin AlembicImporter
LogPluginManager: Mounting plugin CharacterAI
LogPluginManager: Mounting plugin HTML5Networking
LogPluginManager: Mounting plugin AndroidMedia
LogPluginManager: Mounting plugin AvfMedia
LogPluginManager: Mounting plugin ImgMedia
LogPluginManager: Mounting plugin LinearTimecode
LogPluginManager: Mounting plugin MediaCompositing
LogPluginManager: Mounting plugin MediaPlayerEditor
LogPluginManager: Mounting plugin WmfMedia
LogPluginManager: Mounting plugin TcpMessaging
LogPluginManager: Mounting plugin UdpMessaging
LogPluginManager: Mounting plugin ActorSequence
LogPluginManager: Mounting plugin LevelSequenceEditor
LogPluginManager: Mounting plugin MatineeToLevelSequence
LogPluginManager: Mounting plugin NetcodeUnitTest
LogPluginManager: Mounting plugin NUTUnrealEngine4
LogPluginManager: Mounting plugin OnlineSubsystemGooglePlay
LogPluginManager: Mounting plugin OnlineSubsystemIOS
LogPluginManager: Mounting plugin OnlineSubsystem
LogPluginManager: Mounting plugin OnlineSubsystemNull
LogPluginManager: Mounting plugin OnlineSubsystemUtils
LogPluginManager: Mounting plugin AndroidDeviceProfileSelector
LogPluginManager: Mounting plugin AndroidMoviePlayer
LogPluginManager: Mounting plugin AndroidPermission
LogPluginManager: Mounting plugin AppleARKit
LogPluginManager: Mounting plugin AppleMoviePlayer
LogPluginManager: Mounting plugin ArchVisCharacter
LogPluginManager: Mounting plugin AudioCapture
LogPluginManager: Mounting plugin CableComponent
LogPluginManager: Mounting plugin CustomMeshComponent
LogPluginManager: Mounting plugin ExampleDeviceProfileSelector
LogPluginManager: Mounting plugin GoogleCloudMessaging
LogPluginManager: Mounting plugin ImmediatePhysics
LogPluginManager: Mounting plugin IOSDeviceProfileSelector
LogPluginManager: Mounting plugin LinuxDeviceProfileSelector
LogPluginManager: Mounting plugin LocationServicesBPLibrary
LogPluginManager: Mounting plugin MobilePatchingUtils
LogPluginManager: Mounting plugin OculusVR
LogPluginManager: Plugin shader directory ../../../Engine/Plugins/Runtime/Oculus/OculusVR/Shaders found
LogPluginManager: Mapping shader source directory ../../../Engine/Plugins/Runtime/Oculus/OculusVR/Shaders to virtual directory /Plugin/OculusVR
LogPluginManager: Mounting plugin PhysXVehicles
LogPluginManager: Mounting plugin ProceduralMeshComponent
LogPluginManager: Mounting plugin RuntimePhysXCooking
LogPluginManager: Mounting plugin SteamVR
LogPluginManager: Mounting plugin WindowsMoviePlayer
LogStreaming: Display: Took  0.689s to configure plugins.
LogInit: Using libcurl 7.47.1
LogInit:  - built for x86_64-pc-win32
LogInit:  - supports SSL with OpenSSL/1.0.2g
LogInit:  - supports HTTP deflate (compression) using libz 1.2.8
LogInit:  - other features:
LogInit:      CURL_VERSION_SSL
LogInit:      CURL_VERSION_LIBZ
LogInit:      CURL_VERSION_IPV6
LogInit:      CURL_VERSION_ASYNCHDNS
LogInit:      CURL_VERSION_LARGEFILE
LogInit:      CURL_VERSION_IDN
LogInit:  CurlRequestOptions (configurable via config and command line):
LogInit:  - bVerifyPeer = false  - Libcurl will NOT verify peer certificate
LogInit:  - bUseHttpProxy = false  - Libcurl will NOT use HTTP proxy
LogInit:  - bDontReuseConnections = false  - Libcurl will reuse connections
LogInit:  - CertBundlePath = nullptr  - Libcurl will use whatever was configured at build time.
LogInit:  - MaxHostConnections = 16  - Libcurl will limit the number of connections to a host
LogInit:  - LocalHostAddr = Default
LogInit: WinSock: version 1.1 (2.2), MaxSocks=32767, MaxUdp=65467
LogInit: WinSock: I am DESKTOP-7LL8KMI (192.168.1.84:0)
LogHMD: Failed initializing OVRPlugin 1.21.0
LogInit: Build: ++UE4+Release-4.19-CL-3944462
LogInit: Engine Version: 4.19.0-3944462+++UE4+Release-4.19
LogInit: Compatible Engine Version: 4.19.0-3944462+++UE4+Release-4.19
LogInit: Net CL: 3944462
LogDevObjectVersion: Number of dev versions registered: 18
LogDevObjectVersion:   Dev-Blueprints (B0D832E4-1F89-4F0D-ACCF-7EB736FD4AA2): 10
LogDevObjectVersion:   Dev-Build (E1C64328-A22C-4D53-A36C-8E866417BD8C): 0
LogDevObjectVersion:   Dev-Core (375EC13C-06E4-48FB-B500-84F0262A717E): 2
LogDevObjectVersion:   Dev-Editor (E4B068ED-F494-42E9-A231-DA0B2E46BB41): 23
LogDevObjectVersion:   Dev-Framework (CFFC743F-43B0-4480-9391-14DF171D2073): 33
LogDevObjectVersion:   Dev-Mobile (B02B49B5-BB20-44E9-A304-32B752E40360): 2
LogDevObjectVersion:   Dev-Networking (A4E4105C-59A1-49B5-A7C5-40C4547EDFEE): 0
LogDevObjectVersion:   Dev-Online (39C831C9-5AE6-47DC-9A44-9C173E1C8E7C): 0
LogDevObjectVersion:   Dev-Physics (78F01B33-EBEA-4F98-B9B4-84EACCB95AA2): 0
LogDevObjectVersion:   Dev-Platform (6631380F-2D4D-43E0-8009-CF276956A95A): 0
LogDevObjectVersion:   Dev-Rendering (12F88B9F-8875-4AFC-A67C-D90C383ABD29): 25
LogDevObjectVersion:   Dev-Sequencer (7B5AE74C-D270-4C10-A958-57980B212A5A): 6
LogDevObjectVersion:   Dev-VR (D7296918-1DD6-4BDD-9DE2-64A83CC13884): 1
LogDevObjectVersion:   Dev-LoadTimes (C2A15278-BFE7-4AFE-6C17-90FF531DF755): 1
LogDevObjectVersion:   Private-Geometry (6EACA3D4-40EC-4CC1-B786-8BED09428FC5): 2
LogDevObjectVersion:   Dev-AnimPhys (29E575DD-E0A3-4627-9D10-D276232CDCEA): 16
LogDevObjectVersion:   Dev-ReflectionCapture (6B266CEC-1EC7-4B8F-A30B-E4D90942FC07): 1
LogDevObjectVersion:   Dev-Automation (0DF73D61-A23F-47EA-B727-89E90C41499A): 1
LogInit: Compiled (64-bit): Mar 13 2018 23:12:32
LogInit: Compiled with Visual C++: 19.00.24215.01
LogInit: Build Configuration: Development
LogInit: Branch Name: ++UE4+Release-4.19
LogInit: Command Line: -EpicPortal 
LogInit: Base Directory: C:/Program Files (x86)/Epic Games/UE_4.19/Engine/Binaries/Win64/
LogInit: Installed Engine Build: 1
LogStreaming: Display: Took  0.000s to delete old logs.
LogInit: Presizing for max 8388607 objects, including 0 objects not considered by GC, pre-allocating 0 bytes for permanent pool.
LogInit: Object subsystem initialized
[2018.08.06-03.39.57:808][  0]LogInit: Selected Device Profile: [Windows]
[2018.08.06-03.39.57:808][  0]LogInit: Applying CVar settings loaded from the selected device profile: [Windows]
[2018.08.06-03.39.57:814][  0]LogInit: Computer: DESKTOP-7LL8KMI
[2018.08.06-03.39.57:814][  0]LogInit: User: Baeum
[2018.08.06-03.39.57:814][  0]LogInit: CPU Page size=4096, Cores=4
[2018.08.06-03.39.57:814][  0]LogInit: High frequency timer resolution =3.421875 MHz
[2018.08.06-03.39.57:815][  0]LogMemory: Memory total: Physical=15.9GB (16GB approx)
[2018.08.06-03.39.57:815][  0]LogMemory: Platform Memory Stats for Windows
[2018.08.06-03.39.57:815][  0]LogMemory: Process Physical Memory: 276.22 MB used, 276.22 MB peak
[2018.08.06-03.39.57:815][  0]LogMemory: Process Virtual Memory: 270.37 MB used, 270.37 MB peak
[2018.08.06-03.39.57:815][  0]LogMemory: Physical Memory: 6794.77 MB used,  9513.25 MB free, 16308.01 MB total
[2018.08.06-03.39.57:815][  0]LogMemory: Virtual Memory: 4829.29 MB used,  9513.25 MB free, 134217728.00 MB total
[2018.08.06-03.39.57:827][  0]LogInit: Using OS detected language (en-US).
[2018.08.06-03.39.57:827][  0]LogInit: Using OS detected locale (en-US).
[2018.08.06-03.39.57:828][  0]LogTextLocalizationManager: No specific localization for 'en-US' exists, so the 'en' localization will be used.
[2018.08.06-03.39.58:185][  0]LogStreaming: Display: Took  0.359s to EndInitTextLocalization.
[2018.08.06-03.39.58:186][  0]LogInit: Setting process to per monitor DPI aware
[2018.08.06-03.39.58:204][  0]LogSlate: New Slate User Created.  User Index 0, Is Virtual User: 0
[2018.08.06-03.39.58:204][  0]LogSlate: Slate User Registered.  User Index 0, Is Virtual User: 0
[2018.08.06-03.39.58:328][  0]LogD3D11RHI: D3D11 adapters:
[2018.08.06-03.39.58:398][  0]LogD3D11RHI:    0. 'NVIDIA GeForce GTX 1070' (Feature Level 11_0)
[2018.08.06-03.39.58:398][  0]LogD3D11RHI:       8088/0/8154 MB DedicatedVideo/DedicatedSystem/SharedSystem, Outputs:1, VendorId:0x10de
[2018.08.06-03.39.58:400][  0]LogD3D11RHI:    1. 'Microsoft Basic Render Driver' (Feature Level 11_0)
[2018.08.06-03.39.58:400][  0]LogD3D11RHI:       0/0/8154 MB DedicatedVideo/DedicatedSystem/SharedSystem, Outputs:0, VendorId:0x1414
[2018.08.06-03.39.58:400][  0]LogD3D11RHI: Chosen D3D11 Adapter: 0
[2018.08.06-03.39.58:409][  0]LogD3D11RHI: Creating new Direct3DDevice
[2018.08.06-03.39.58:409][  0]LogD3D11RHI:     GPU DeviceId: 0x1b81 (for the marketing name, search the web for "GPU Device Id")
[2018.08.06-03.39.58:409][  0]LogWindows: EnumDisplayDevices:
[2018.08.06-03.39.58:410][  0]LogWindows:    0. 'NVIDIA GeForce GTX 1070' (P:1 D:1)
[2018.08.06-03.39.58:410][  0]LogWindows:    1. 'NVIDIA GeForce GTX 1070' (P:0 D:0)
[2018.08.06-03.39.58:410][  0]LogWindows:    2. 'NVIDIA GeForce GTX 1070' (P:0 D:0)
[2018.08.06-03.39.58:410][  0]LogWindows:    3. 'NVIDIA GeForce GTX 1070' (P:0 D:0)
[2018.08.06-03.39.58:410][  0]LogWindows: DebugString: GetVideoDriverDetailsInvalid PrimaryIsNotTheChoosenAdapter GetVideoDriverDetailsInvalid PrimaryIsNotTheChoosenAdapter GetVideoDriverDetailsInvalid PrimaryIsNotTheChoosenAdapter GetVideoDriverDetailsInvalid PrimaryIsNotTheChoosenAdapter FoundDriverCount:0 
[2018.08.06-03.39.58:410][  0]LogD3D11RHI:     Adapter Name: NVIDIA GeForce GTX 1070
[2018.08.06-03.39.58:410][  0]LogD3D11RHI:   Driver Version: Unknown (internal:Unknown, unified:Unknown)
[2018.08.06-03.39.58:410][  0]LogD3D11RHI:      Driver Date: Unknown
[2018.08.06-03.39.58:410][  0]LogRHI: Texture pool is 5661 MB (70% of 8088 MB)
[2018.08.06-03.39.58:437][  0]LogD3D11RHI: [Aftermath] Aftermath enabled and primed
[2018.08.06-03.39.58:437][  0]LogD3D11RHI: Async texture creation enabled
[2018.08.06-03.39.58:457][  0]LogD3D11RHI: GPU Timing Frequency: 1000.000000 (Debug: 2 2)
[2018.08.06-03.39.58:502][  0]LogShaderCompilers: Guid format shader working directory is -20 characters bigger than the processId version (../../../../../../Users/Baeum/Documents/Amaranth Center/MyProject/Intermediate/Shaders/WorkingDirectory/14868/).
[2018.08.06-03.39.58:502][  0]LogShaderCompilers: Cleaned the shader compiler working directory 'C:/Users/Baeum/AppData/Local/Temp/UnrealShaderWorkingDir/AC6BB58943D499AE8D4AB9A14D091A08/'.
[2018.08.06-03.39.58:658][  0]LogTemp: Display: Loaded TP AllDesktopTargetPlatform
[2018.08.06-03.39.58:668][  0]LogTemp: Display: Loaded TP MacClientTargetPlatform
[2018.08.06-03.39.58:678][  0]LogTemp: Display: Loaded TP MacNoEditorTargetPlatform
[2018.08.06-03.39.58:688][  0]LogTemp: Display: Loaded TP MacServerTargetPlatform
[2018.08.06-03.39.58:697][  0]LogTemp: Display: Loaded TP MacTargetPlatform
[2018.08.06-03.39.58:707][  0]LogTemp: Display: Loaded TP WindowsClientTargetPlatform
[2018.08.06-03.39.58:718][  0]LogTemp: Display: Loaded TP WindowsNoEditorTargetPlatform
[2018.08.06-03.39.58:728][  0]LogTemp: Display: Loaded TP WindowsServerTargetPlatform
[2018.08.06-03.39.58:733][  0]LogTemp: Display: Loaded TP WindowsTargetPlatform
[2018.08.06-03.39.58:741][  0]LogTemp: Display: Loaded TP Android_ASTCTargetPlatform
[2018.08.06-03.39.58:750][  0]LogTemp: Display: Loaded TP Android_ATCTargetPlatform
[2018.08.06-03.39.58:759][  0]LogTemp: Display: Loaded TP Android_DXTTargetPlatform
[2018.08.06-03.39.58:767][  0]LogTemp: Display: Loaded TP Android_ETC1aTargetPlatform
[2018.08.06-03.39.58:776][  0]LogTemp: Display: Loaded TP Android_ETC1TargetPlatform
[2018.08.06-03.39.58:785][  0]LogTemp: Display: Loaded TP Android_ETC2TargetPlatform
[2018.08.06-03.39.58:803][  0]LogTemp: Display: Loaded TP Android_MultiTargetPlatform
[2018.08.06-03.39.58:803][  0]LogTemp: Display: Loaded TP Android_PVRTCTargetPlatform
[2018.08.06-03.39.58:812][  0]LogTemp: Display: Loaded TP AndroidTargetPlatform
[2018.08.06-03.39.58:813][  0]LogTemp: Display: Loaded TP HTML5TargetPlatform
[2018.08.06-03.39.58:846][  0]LogTemp: Display: Loaded TP IOSTargetPlatform
[2018.08.06-03.39.58:854][  0]LogTemp: Display: Loaded TP TVOSTargetPlatform
[2018.08.06-03.39.58:863][  0]LogTemp: Display: Loaded TP LinuxClientTargetPlatform
[2018.08.06-03.39.58:872][  0]LogTemp: Display: Loaded TP LinuxNoEditorTargetPlatform
[2018.08.06-03.39.58:880][  0]LogTemp: Display: Loaded TP LinuxServerTargetPlatform
[2018.08.06-03.39.58:889][  0]LogTemp: Display: Loaded TP LinuxTargetPlatform
[2018.08.06-03.39.58:889][  0]LogTargetPlatformManager: Display: Building Assets For Windows
[2018.08.06-03.39.58:955][  0]LogXGEController: Cannot use XGE Controller as Incredibuild is not installed on this machine.
[2018.08.06-03.39.58:955][  0]LogShaderCompilers: Cannot use XGE Shader Compiler as Incredibuild is not installed on this machine.
[2018.08.06-03.39.58:955][  0]LogShaderCompilers: Display: Using Local Shader Compiler.
[2018.08.06-03.39.59:458][  0]LogDerivedDataCache: Display: Max Cache Size: 512 MB
[2018.08.06-03.39.59:524][  0]LogDerivedDataCache: Loaded boot cache 0.07s 74MB C:/Users/Baeum/AppData/Local/UnrealEngine/4.19/DerivedDataCache/Boot.ddc.
[2018.08.06-03.39.59:525][  0]LogDerivedDataCache: Display: Loaded Boot cache: C:/Users/Baeum/AppData/Local/UnrealEngine/4.19/DerivedDataCache/Boot.ddc
[2018.08.06-03.39.59:525][  0]LogDerivedDataCache: FDerivedDataBackendGraph:  Pak pak cache file ../../../../../../Users/Baeum/Documents/Amaranth Center/MyProject/DerivedDataCache/DDC.ddp not found, will not use a pak cache.
[2018.08.06-03.39.59:525][  0]LogDerivedDataCache: Unable to find inner node Pak for hierarchical cache Hierarchy.
[2018.08.06-03.39.59:525][  0]LogDerivedDataCache: FDerivedDataBackendGraph:  CompressedPak pak cache file ../../../../../../Users/Baeum/Documents/Amaranth Center/MyProject/DerivedDataCache/Compressed.ddp not found, will not use a pak cache.
[2018.08.06-03.39.59:525][  0]LogDerivedDataCache: Unable to find inner node CompressedPak for hierarchical cache Hierarchy.
[2018.08.06-03.39.59:540][  0]LogDerivedDataCache: Display: Pak cache opened for reading ../../../Engine/DerivedDataCache/Compressed.ddp.
[2018.08.06-03.39.59:552][  0]LogDerivedDataCache: Using Local data cache path C:/Users/Baeum/AppData/Local/UnrealEngine/Common/DerivedDataCache: Writable
[2018.08.06-03.39.59:561][  0]LogMaterial: Verifying Global Shaders for PCD3D_SM5
[2018.08.06-03.39.59:561][  0]LogSlate: Using Freetype 2.6.0
[2018.08.06-03.39.59:561][  0]LogSlate: SlateFontCache - WITH_FREETYPE: 1, WITH_HARFBUZZ: 1
[2018.08.06-03.39.59:561][  0]LogSlate: SlateFontCache - WITH_FREETYPE: 1, WITH_HARFBUZZ: 1
[2018.08.06-03.39.59:649][  0]LogAssetRegistry: FAssetRegistry took 0.0247 seconds to start up
[2018.08.06-03.39.59:879][  0]LogInit: Selected Device Profile: [Windows]
[2018.08.06-03.39.59:981][  0]LogSimplygon: Simplygon DLL not present - disabling.
[2018.08.06-03.39.59:983][  0]LogMeshReduction: Using SimplygonSwarm for distributed automatic mesh merging
[2018.08.06-03.39.59:983][  0]LogMeshReduction: Using QuadricMeshReduction for automatic static mesh reduction
[2018.08.06-03.39.59:983][  0]LogMeshReduction: No automatic skeletal mesh reduction module available
[2018.08.06-03.39.59:983][  0]LogMeshReduction: No automatic mesh merging module available
[2018.08.06-03.39.59:983][  0]LogMeshMerging: No automatic mesh merging module available
[2018.08.06-03.40.00:007][  0]LogNetVersion: MyProject , NetCL: 3944462, EngineNetVer: 2, GameNetVer: 0 (Checksum: 2475486345)
[2018.08.06-03.40.00:384][  0]LogPackageLocalizationCache: Processed 9 localized package path(s) for 2 prioritized culture(s) in 0.042801 seconds
[2018.08.06-03.40.00:389][  0]LogUObjectArray: 36728 objects as part of root set at end of initial load.
[2018.08.06-03.40.00:389][  0]LogUObjectAllocator: 7314304 out of 0 bytes used by permanent object pool.
[2018.08.06-03.40.00:389][  0]LogUObjectArray: CloseDisregardForGC: 0/0 objects in disregard for GC pool
[2018.08.06-03.40.01:628][  0]LogTcpMessaging: Initializing TcpMessaging bridge
[2018.08.06-03.40.01:650][  0]LogUdpMessaging: Initializing bridge on interface 0.0.0.0:0 to multicast group 230.0.0.1:6666.
[2018.08.06-03.40.01:878][  0]SourceControl: Source control is disabled
[2018.08.06-03.40.01:878][  0]SourceControl: Source control is disabled
[2018.08.06-03.40.01:888][  0]SourceControl: Source control is disabled
[2018.08.06-03.40.01:897][  0]SourceControl: Source control is disabled
[2018.08.06-03.40.02:200][  0]LogAndroidPermission: UAndroidPermissionCallbackProxy::GetInstance
[2018.08.06-03.40.02:358][  0]LogOcInput: OculusInput pre-init called
[2018.08.06-03.40.02:431][  0]LogEngine: Initializing Engine...
[2018.08.06-03.40.08:130][  0]LogHMD: Failed to initialize OpenVR with code 108
[2018.08.06-03.40.08:131][  0]LogStats: UGameplayTagsManager::ConstructGameplayTagTree: Construct from data asset -  0.000 s
[2018.08.06-03.40.08:131][  0]LogStats: UGameplayTagsManager::ConstructGameplayTagTree: GameplayTagTreeChangedEvent.Broadcast -  0.000 s
[2018.08.06-03.40.08:371][  0]LogAIModule: Creating AISystem for world Untitled
[2018.08.06-03.40.08:504][  0]LogInit: XAudio2 using 'Speakers (Realtek High Definition Audio)' : 2 channels at 48 kHz using 16 bits per sample (channel mask 0x3)
[2018.08.06-03.40.08:556][  0]LogInit: FAudioDevice initialized.
[2018.08.06-03.40.08:685][  0]LogDerivedDataCache: Saved boot cache 0.13s 74MB C:/Users/Baeum/AppData/Local/UnrealEngine/4.19/DerivedDataCache/Boot.ddc.
[2018.08.06-03.40.08:701][  0]LogInit: Texture streaming: Enabled
[2018.08.06-03.40.08:723][  0]LogEngineSessionManager: EngineSessionManager initialized
[2018.08.06-03.40.08:735][  0]LogInit: Transaction tracking system initialized
[2018.08.06-03.40.08:758][  0]BlueprintLog: New page: Editor Load
[2018.08.06-03.40.08:841][  0]LocalizationService: Localization service is disabled
[2018.08.06-03.40.08:929][  0]LogConsoleResponse: Display: 
[2018.08.06-03.40.09:073][  0]LogCook: Display: Max memory allowance for cook 16384mb min free memory 0mb
[2018.08.06-03.40.09:073][  0]LogCook: Display: Mobile HDR setting 1
[2018.08.06-03.40.09:073][  0]LogGameplayTags: Display: UGameplayTagsManager::DoneAddingNativeTags. DelegateIsBound: 0
[2018.08.06-03.40.09:073][  0]LogStats: UGameplayTagsManager::ConstructGameplayTagTree: Construct from data asset -  0.000 s
[2018.08.06-03.40.09:073][  0]LogStats: UGameplayTagsManager::ConstructGameplayTagTree: GameplayTagTreeChangedEvent.Broadcast -  0.000 s
[2018.08.06-03.40.09:147][  0]LogFileCache: Scanning file cache for directory 'C:/Users/Baeum/Documents/Amaranth Center/MyProject/Content/' took 0.01s
[2018.08.06-03.40.09:332][  0]SourceControl: Source control is disabled
[2018.08.06-03.40.09:332][  0]Cmd: MAP LOAD FILE="../../../../../../Users/Baeum/Documents/Amaranth Center/MyProject/Content/StarterContent/Maps/Minimal_Default.umap" TEMPLATE=0 SHOWPROGRESS=1 FEATURELEVEL=3
[2018.08.06-03.40.09:333][  0]LightingResults: New page: Lighting Build
[2018.08.06-03.40.09:336][  0]MapCheck: New page: Map Check
[2018.08.06-03.40.09:336][  0]LightingResults: New page: Lighting Build
[2018.08.06-03.40.09:642][  0]LogAIModule: Creating AISystem for world Minimal_Default
[2018.08.06-03.40.09:650][  0]LogEditorServer: Finished looking for orphan Actors (0.000 secs)
[2018.08.06-03.40.09:663][  0]Cmd: MAP CHECKDEP NOCLEARLOG
[2018.08.06-03.40.09:696][  0]MapCheck: Map check complete: 0 Error(s), 0 Warning(s), took 33.058ms to complete.
[2018.08.06-03.40.09:696][  0]LogFileHelpers: Loading map 'Minimal_Default' took 0.364
[2018.08.06-03.40.09:808][  0]LogCollectionManager: Loaded 0 collections in 0.001072 seconds
[2018.08.06-03.40.09:857][  0]LogFileCache: Scanning file cache for directory 'C:/Users/Baeum/Documents/Amaranth Center/MyProject/Saved/Collections/' took 0.01s
[2018.08.06-03.40.09:857][  0]LogFileCache: Scanning file cache for directory 'C:/Users/Baeum/Documents/Amaranth Center/MyProject/Content/Developers/Baeum/Collections/' took 0.01s
[2018.08.06-03.40.09:857][  0]LogFileCache: Scanning file cache for directory 'C:/Users/Baeum/Documents/Amaranth Center/MyProject/Content/Collections/' took 0.01s
[2018.08.06-03.40.09:857][  0]LogCollectionManager: Rebuilt the GUID cache for 0 collections in 0.000000 seconds
[2018.08.06-03.40.09:865][  0]LogContentBrowser: Native class hierarchy populated in 0.0076 seconds. Added 2452 classes and 558 folders.
[2018.08.06-03.40.09:877][  0]LogContentBrowser: Native class hierarchy updated for 'WidgetCarousel' in 0.0002 seconds. Added 0 classes and 0 folders.
[2018.08.06-03.40.09:954][  0]LogContentBrowser: Native class hierarchy updated for 'AddContentDialog' in 0.0003 seconds. Added 0 classes and 0 folders.
[2018.08.06-03.40.09:963][  0]LogContentBrowser: Native class hierarchy updated for 'SceneOutliner' in 0.0002 seconds. Added 1 classes and 2 folders.
[2018.08.06-03.40.09:982][  0]LogSlate: Took 0.000254 seconds to synchronously load lazily loaded font '../../../Engine/Content/Slate/Fonts/Roboto-Regular.ttf' (155K)
[2018.08.06-03.40.09:986][  0]LogSlate: Took 0.000215 seconds to synchronously load lazily loaded font '../../../Engine/Content/Slate/Fonts/Roboto-Bold.ttf' (160K)
[2018.08.06-03.40.09:993][  0]LogSlate: Took 0.001997 seconds to synchronously load lazily loaded font '../../../Engine/Content/Editor/Slate/Fonts/FontAwesome.ttf' (139K)
[2018.08.06-03.40.10:071][  0]LogRenderer: Reallocating scene render targets to support 1616x808 Format 10 NumSamples 1 (Frame:1).
[2018.08.06-03.40.10:196][  0]LogContentBrowser: Native class hierarchy updated for 'HierarchicalLODOutliner' in 0.0002 seconds. Added 0 classes and 0 folders.
[2018.08.06-03.40.10:196][  0]LogLoad: (Engine Initialization) Total time: 14.45 seconds
[2018.08.06-03.40.10:196][  0]LogLoad: (Engine Initialization) Total Blueprint compile time: 0.00 seconds
[2018.08.06-03.40.10:550][  0]LogAssetRegistry: Asset discovery search completed in 10.9228 seconds
[2018.08.06-03.40.10:551][  0]LogCollectionManager: Rebuilt the object cache for 0 collections in 0.000000 seconds (found 0 objects)
[2018.08.06-03.40.10:551][  0]LogCollectionManager: Fixed up redirectors for 0 collections in 0.000039 seconds (updated 0 objects)
[2018.08.06-03.40.10:554][  0]LogContentStreaming: Texture pool size now 1000 MB
[2018.08.06-03.40.38:664][681]LogSlate: FSceneViewport::OnFocusLost() reason 2
[2018.08.06-03.41.23:703][199]LogSlate: FSceneViewport::OnFocusLost() reason 0
[2018.08.06-03.41.26:756][550]LogSlate: Took 0.001614 seconds to synchronously load lazily loaded font '../../../Engine/Content/Slate/Fonts/Roboto-Light.ttf' (167K)
[2018.08.06-03.41.26:764][550]LogMaterial: Missing cached shader map for material EYEGAME_NEODRONETEMPLE_FLOOR1, compiling. 
[2018.08.06-03.41.27:087][550]LogMaterial: Missing cached shader map for material EYEGAME_NEODRONETEMPLE_FLOOR1, compiling. 
[2018.08.06-03.41.27:095][550]LogMaterial: Missing cached shader map for material EYEGAME_NEODRONETEMPLE_FLOOR1, compiling. 
[2018.08.06-03.41.27:118][550]LogShaderCompilers: Display: Shaders left to compile 18
[2018.08.06-03.41.27:118][550]LogShaderCompilers: Display: Shaders left to compile 17
[2018.08.06-03.41.27:118][550]LogShaderCompilers: Display: Shaders left to compile 16
[2018.08.06-03.41.27:130][550]LogMaterial: Missing cached shader map for material FMatExpressionPreview MaterialExpressionTextureSample_0, compiling. 
[2018.08.06-03.41.27:167][550]LogSlate: Took 0.023312 seconds to synchronously load lazily loaded font '../../../Engine/Content/Slate/Fonts/Roboto-BoldCondensed.ttf' (158K)
[2018.08.06-03.41.27:641][560]LogShaderCompilers: Display: Shaders left to compile 17
[2018.08.06-03.41.27:667][561]LogShaderCompilers: Display: Shaders left to compile 16
[2018.08.06-03.41.27:728][562]LogShaderCompilers: Display: Shaders left to compile 15
[2018.08.06-03.41.27:817][563]LogShaderCompilers: Display: Shaders left to compile 14
[2018.08.06-03.41.27:867][565]LogShaderCompilers: Display: Shaders left to compile 13
[2018.08.06-03.41.27:922][567]LogShaderCompilers: Display: Shaders left to compile 12
[2018.08.06-03.41.27:997][568]LogShaderCompilers: Display: Shaders left to compile 11
[2018.08.06-03.41.28:162][569]LogShaderCompilers: Display: Shaders left to compile 10
[2018.08.06-03.41.28:222][570]LogShaderCompilers: Display: Shaders left to compile 9
[2018.08.06-03.41.28:270][572]LogShaderCompilers: Display: Shaders left to compile 8
[2018.08.06-03.41.28:401][573]LogShaderCompilers: Display: Shaders left to compile 7
[2018.08.06-03.41.28:486][574]LogShaderCompilers: Display: Shaders left to compile 6
[2018.08.06-03.41.28:618][576]LogShaderCompilers: Display: Shaders left to compile 5
[2018.08.06-03.41.28:706][577]LogShaderCompilers: Display: Shaders left to compile 4
[2018.08.06-03.41.28:748][578]LogShaderCompilers: Display: Shaders left to compile 3
[2018.08.06-03.41.29:045][603]LogShaderCompilers: Display: Shaders left to compile 2
[2018.08.06-03.41.29:091][607]LogShaderCompilers: Display: Shaders left to compile 1
[2018.08.06-03.41.29:393][633]MaterialEditorStats: Base pass shader: 102 instructions
[2018.08.06-03.41.29:393][633]MaterialEditorStats: Base pass shader with Surface Lightmap: 119 instructions
[2018.08.06-03.41.29:393][633]MaterialEditorStats: Base pass shader with Volumetric Lightmap: 175 instructions
[2018.08.06-03.41.29:393][633]MaterialEditorStats: Vertex shader: 38 instructions
[2018.08.06-03.41.29:393][633]MaterialEditorStats: Texture samplers: 4/16
[2018.08.06-03.41.29:394][633]MaterialEditorStats: User interpolators: 2/4 Scalars (1/4 Vectors) (TexCoords: 2, Custom: 0)
[2018.08.06-03.41.34:177][ 67]LogMaterial: Missing cached shader map for material EYEGAME_NEODRONETEMPLE_FLOOR1, compiling. 
[2018.08.06-03.41.34:193][ 68]LogShaderCompilers: Display: Shaders left to compile 18
[2018.08.06-03.41.34:194][ 68]LogShaderCompilers: Display: Shaders left to compile 17
[2018.08.06-03.41.34:194][ 68]LogShaderCompilers: Display: Shaders left to compile 16
[2018.08.06-03.41.34:377][ 70]LogShaderCompilers: Display: Shaders left to compile 15
[2018.08.06-03.41.34:377][ 70]LogShaderCompilers: Display: Shaders left to compile 14
[2018.08.06-03.41.34:417][ 73]LogShaderCompilers: Display: Shaders left to compile 13
[2018.08.06-03.41.34:533][ 74]LogShaderCompilers: Display: Shaders left to compile 12
[2018.08.06-03.41.34:553][ 75]LogShaderCompilers: Display: Shaders left to compile 11
[2018.08.06-03.41.34:584][ 76]LogShaderCompilers: Display: Shaders left to compile 10
[2018.08.06-03.41.34:677][ 77]LogShaderCompilers: Display: Shaders left to compile 9
[2018.08.06-03.41.34:855][ 78]LogShaderCompilers: Display: Shaders left to compile 8
[2018.08.06-03.41.34:887][ 79]LogShaderCompilers: Display: Shaders left to compile 7
[2018.08.06-03.41.34:980][ 82]LogShaderCompilers: Display: Shaders left to compile 6
[2018.08.06-03.41.35:070][ 83]LogShaderCompilers: Display: Shaders left to compile 5
[2018.08.06-03.41.35:170][ 84]LogShaderCompilers: Display: Shaders left to compile 4
[2018.08.06-03.41.35:283][ 86]LogShaderCompilers: Display: Shaders left to compile 3
[2018.08.06-03.41.35:353][ 87]LogShaderCompilers: Display: Shaders left to compile 2
[2018.08.06-03.41.35:397][ 88]LogShaderCompilers: Display: Shaders left to compile 1
[2018.08.06-03.41.35:761][106]MaterialEditorStats: Base pass shader: 102 instructions
[2018.08.06-03.41.35:761][106]MaterialEditorStats: Base pass shader with Surface Lightmap: 119 instructions
[2018.08.06-03.41.35:761][106]MaterialEditorStats: Base pass shader with Volumetric Lightmap: 175 instructions
[2018.08.06-03.41.35:761][106]MaterialEditorStats: Vertex shader: 38 instructions
[2018.08.06-03.41.35:761][106]MaterialEditorStats: Texture samplers: 4/16
[2018.08.06-03.41.35:761][106]MaterialEditorStats: User interpolators: 2/4 Scalars (1/4 Vectors) (TexCoords: 2, Custom: 0)
[2018.08.06-03.41.40:848][576]LogSlate: FSceneViewport::OnFocusLost() reason 0
[2018.08.06-03.42.04:103][776]LogMaterial: Missing cached shader map for material EYEGAME_NEODRONETEMPLE_FLOOR1, compiling. 
[2018.08.06-03.42.04:126][777]LogShaderCompilers: Display: Shaders left to compile 18
[2018.08.06-03.42.04:126][777]LogShaderCompilers: Display: Shaders left to compile 17
[2018.08.06-03.42.04:126][777]LogShaderCompilers: Display: Shaders left to compile 16
[2018.08.06-03.42.04:686][831]LogShaderCompilers: Display: Shaders left to compile 15
[2018.08.06-03.42.04:686][831]LogShaderCompilers: Display: Shaders left to compile 14
[2018.08.06-03.42.04:901][850]LogShaderCompilers: Display: Shaders left to compile 13
[2018.08.06-03.42.04:901][850]LogShaderCompilers: Display: Shaders left to compile 12
[2018.08.06-03.42.05:178][875]LogShaderCompilers: Display: Shaders left to compile 11
[2018.08.06-03.42.05:212][878]LogShaderCompilers: Display: Shaders left to compile 10
[2018.08.06-03.42.05:388][894]LogShaderCompilers: Display: Shaders left to compile 9
[2018.08.06-03.42.05:685][920]LogShaderCompilers: Display: Shaders left to compile 8
[2018.08.06-03.42.05:861][933]LogShaderCompilers: Display: Shaders left to compile 7
[2018.08.06-03.42.05:946][934]LogShaderCompilers: Display: Shaders left to compile 6
[2018.08.06-03.42.06:035][935]LogShaderCompilers: Display: Shaders left to compile 5
[2018.08.06-03.42.06:092][937]LogShaderCompilers: Display: Shaders left to compile 4
[2018.08.06-03.42.06:263][938]LogShaderCompilers: Display: Shaders left to compile 3
[2018.08.06-03.42.06:263][938]LogShaderCompilers: Display: Shaders left to compile 2
[2018.08.06-03.42.06:389][940]LogShaderCompilers: Display: Shaders left to compile 1
[2018.08.06-03.42.06:576][945]MaterialEditorStats: Base pass shader: 102 instructions
[2018.08.06-03.42.06:576][945]MaterialEditorStats: Base pass shader with Surface Lightmap: 119 instructions
[2018.08.06-03.42.06:576][945]MaterialEditorStats: Base pass shader with Volumetric Lightmap: 175 instructions
[2018.08.06-03.42.06:576][945]MaterialEditorStats: Vertex shader: 38 instructions
[2018.08.06-03.42.06:576][945]MaterialEditorStats: Texture samplers: 4/16
[2018.08.06-03.42.06:576][945]MaterialEditorStats: User interpolators: 2/4 Scalars (1/4 Vectors) (TexCoords: 2, Custom: 0)
[2018.08.06-03.42.10:384][305]MaterialEditorStats: Base pass shader: 102 instructions
[2018.08.06-03.42.10:384][305]MaterialEditorStats: Base pass shader with Surface Lightmap: 119 instructions
[2018.08.06-03.42.10:384][305]MaterialEditorStats: Base pass shader with Volumetric Lightmap: 175 instructions
[2018.08.06-03.42.10:384][305]MaterialEditorStats: Vertex shader: 38 instructions
[2018.08.06-03.42.10:384][305]MaterialEditorStats: Texture samplers: 4/16
[2018.08.06-03.42.10:384][305]MaterialEditorStats: User interpolators: 2/4 Scalars (1/4 Vectors) (TexCoords: 2, Custom: 0)
[2018.08.06-03.42.11:172][381]MaterialEditorStats: Base pass shader: 102 instructions
[2018.08.06-03.42.11:172][381]MaterialEditorStats: Base pass shader with Surface Lightmap: 119 instructions
[2018.08.06-03.42.11:172][381]MaterialEditorStats: Base pass shader with Volumetric Lightmap: 175 instructions
[2018.08.06-03.42.11:172][381]MaterialEditorStats: Vertex shader: 38 instructions
[2018.08.06-03.42.11:172][381]MaterialEditorStats: Texture samplers: 4/16
[2018.08.06-03.42.11:172][381]MaterialEditorStats: User interpolators: 2/4 Scalars (1/4 Vectors) (TexCoords: 2, Custom: 0)
[2018.08.06-03.42.13:019][557]LogSlate: Window 'EYEGAME_NEODRONETEMPLE_FLOOR1' being destroyed
[2018.08.06-03.42.13:023][557]LogSlate: Window 'EYEGAME_NEODRONETEMPLE_FLOOR1' being destroyed
[2018.08.06-03.42.26:618][162]LogSlate: FSceneViewport::OnFocusLost() reason 2
[2018.08.06-03.42.28:559][394]LogSlate: FSceneViewport::OnFocusLost() reason 2
[2018.08.06-03.42.29:393][394]LogSlate: Only BGRA pngs, bmps or icos are supported in by External Image Picker
[2018.08.06-03.42.29:515][395]LogTemp: Executing iPhonePackager certificates Engine -bundlename com.YourCompany.MyProject
[2018.08.06-03.42.29:515][395]LogTemp: CWD: C:\Program Files (x86)\Epic Games\UE_4.19\Engine\Binaries\DotNET\IOS
[2018.08.06-03.42.29:515][395]LogTemp: Initial Dir: C:\Program Files (x86)\Epic Games\UE_4.19
[2018.08.06-03.42.29:515][395]LogTemp: Env CWD: C:\Program Files (x86)\Epic Games\UE_4.19\Engine\Binaries\DotNET\IOS
[2018.08.06-03.42.29:515][395]LogTemp: BranchPath = DESKTOP-7LL8KMI/C/Program Files (x86)/Epic Games/UE_4.19/Engine/Binaries --- GameBranchPath = DESKTOP-7LL8KMI/C/Program Files (x86)/Epic Games/UE_4.19/Engine/Binaries
[2018.08.06-03.42.29:515][395]LogTemp: IPP ERROR: Could not find provision directory 'C:\Users\Baeum\AppData\Local/Apple Computer/MobileDevice/Provisioning Profiles/'.
[2018.08.06-03.43.22:976][645]LogSlate: Window 'Project Settings' being destroyed
[2018.08.06-03.43.23:985][760]LogSlate: FSceneViewport::OnFocusLost() reason 2
[2018.08.06-03.43.26:847][ 68]LogSlate: FSceneViewport::OnFocusLost() reason 2
[2018.08.06-03.43.29:344][367]LogSlate: FSceneViewport::OnFocusLost() reason 2
[2018.08.06-03.43.55:303][349]LogSlate: Window 'Editor Preferences' being destroyed
[2018.08.06-03.43.55:306][349]LogSlate: Window 'Editor Preferences' being destroyed
[2018.08.06-03.43.57:132][544]LogSlate: FSceneViewport::OnFocusLost() reason 0
[2018.08.06-03.44.09:407][965]LogEditorViewport: Clicking on Actor (context menu): StaticMeshActor (testmall2)
[2018.08.06-03.44.09:450][965]LogSlate: FSceneViewport::OnFocusLost() reason 2
[2018.08.06-03.44.15:801][643]LogSlate: FSceneViewport::OnFocusLost() reason 0
[2018.08.06-03.44.17:669][819]Cmd: OBJ SAVEPACKAGE PACKAGE="/Game/testmall/wall1" FILE="../../../../../../Users/Baeum/Documents/Amaranth Center/MyProject/Content/testmall/wall1.uasset" SILENT=true
[2018.08.06-03.44.17:675][819]LogSavePackage: Save=4.17ms
[2018.08.06-03.44.17:675][819]LogSavePackage: Moving '../../../../../../Users/Baeum/Documents/Amaranth Center/MyProject/Saved/wall1D8F90F464D2CF09F1FCC3DB1B2AA537B.tmp' to '../../../../../../Users/Baeum/Documents/Amaranth Center/MyProject/Content/testmall/wall1.uasset'
[2018.08.06-03.44.17:677][819]LogSavePackage: Display: Finished SavePackage ../../../../../../Users/Baeum/Documents/Amaranth Center/MyProject/Content/testmall/wall1.uasset
[2018.08.06-03.44.28:831][116]LogEditorViewport: Clicking on Component (context menu): StaticMeshComponent (StaticMeshComponent0)
[2018.08.06-03.44.28:864][116]LogSlate: FSceneViewport::OnFocusLost() reason 2
[2018.08.06-03.44.40:141][416]LogSlate: FSceneViewport::OnFocusLost() reason 2
[2018.08.06-03.45.14:172][ 28]LogSlate: Took 0.001085 seconds to synchronously load lazily loaded font '../../../Engine/Content/Slate/Fonts/Roboto-Italic.ttf' (157K)
[2018.08.06-03.47.34:371][467]LogSlate: Only BGRA pngs, bmps or icos are supported in by External Image Picker
[2018.08.06-03.47.34:501][468]LogTemp: Executing iPhonePackager certificates Engine -bundlename com.YourCompany.MyProject
[2018.08.06-03.47.34:501][468]LogTemp: CWD: C:\Program Files (x86)\Epic Games\UE_4.19\Engine\Binaries\DotNET\IOS
[2018.08.06-03.47.34:501][468]LogTemp: Initial Dir: C:\Program Files (x86)\Epic Games\UE_4.19
[2018.08.06-03.47.34:501][468]LogTemp: Env CWD: C:\Program Files (x86)\Epic Games\UE_4.19\Engine\Binaries\DotNET\IOS
[2018.08.06-03.47.34:501][468]LogTemp: BranchPath = DESKTOP-7LL8KMI/C/Program Files (x86)/Epic Games/UE_4.19/Engine/Binaries --- GameBranchPath = DESKTOP-7LL8KMI/C/Program Files (x86)/Epic Games/UE_4.19/Engine/Binaries
[2018.08.06-03.47.34:501][468]LogTemp: IPP ERROR: Could not find provision directory 'C:\Users\Baeum\AppData\Local/Apple Computer/MobileDevice/Provisioning Profiles/'.
[2018.08.06-03.47.58:380][668]LogSlate: Window 'Project Settings' being destroyed
[2018.08.06-03.47.58:384][668]LogSlate: Window 'Project Settings' being destroyed
[2018.08.06-03.48.04:608][356]LogSavePackage: Save=51.82ms
[2018.08.06-03.48.04:608][356]LogSavePackage: Moving '../../../../../../Users/Baeum/Documents/Amaranth Center/MyProject/Saved/Minimal_Default51EF89C74A1941E5E42F1CB8A1D00A33.tmp' to '../../../../../../Users/Baeum/Documents/Amaranth Center/MyProject/Content/StarterContent/Maps/Minimal_Default.umap'
[2018.08.06-03.48.04:609][356]LogSavePackage: Display: Finished SavePackage ../../../../../../Users/Baeum/Documents/Amaranth Center/MyProject/Content/StarterContent/Maps/Minimal_Default.umap
[2018.08.06-03.48.04:637][356]LogSavePackage: Save=9.48ms
[2018.08.06-03.48.04:637][356]LogSavePackage: Moving '../../../../../../Users/Baeum/Documents/Amaranth Center/MyProject/Saved/Minimal_Default_BuiltData289A883D405B85AD46F355B028C6100A.tmp' to '../../../../../../Users/Baeum/Documents/Amaranth Center/MyProject/Content/StarterContent/Maps/Minimal_Default_BuiltData.uasset'
[2018.08.06-03.48.04:638][356]LogSavePackage: Display: Finished SavePackage ../../../../../../Users/Baeum/Documents/Amaranth Center/MyProject/Content/StarterContent/Maps/Minimal_Default_BuiltData.uasset
[2018.08.06-03.48.09:202][760]Cmd: CLOSE_SLATE_MAINFRAME
[2018.08.06-03.48.09:255][760]LogSlate: Window 'MyProject - Unreal Editor' being destroyed
[2018.08.06-03.48.09:256][760]LogWindowsTextInputMethodSystem: Display: IME system now deactivated.
[2018.08.06-03.48.09:530][761]Cmd: QUIT_EDITOR
[2018.08.06-03.48.09:549][761]LogSlate: Slate User Destroyed.  User Index 0, Is Virtual User: 0
[2018.08.06-03.48.09:549][761]LogExit: Preparing to exit.
[2018.08.06-03.48.10:043][761]LogDirectoryWatcher: A directory notification for 'C:/Users/Baeum/Documents/Amaranth Center/MyProject/Content/' was aborted.
[2018.08.06-03.48.10:056][761]LogExit: Editor shut down
[2018.08.06-03.48.10:060][761]LogExit: Transaction tracking system shut down
[2018.08.06-03.48.10:254][761]LogDirectoryWatcher: A directory notification for '../../../Engine/Content/' was aborted.
[2018.08.06-03.48.10:254][761]LogDirectoryWatcher: A directory notification for '../../../../../../Users/Baeum/Documents/Amaranth Center/MyProject/Content/' was aborted.
[2018.08.06-03.48.10:254][761]LogDirectoryWatcher: A directory notification for '../../Plugins/2D/Paper2D/Content/' was aborted.
[2018.08.06-03.48.10:254][761]LogDirectoryWatcher: A directory notification for '../../Plugins/Enterprise/DatasmithContent/Content/' was aborted.
[2018.08.06-03.48.10:254][761]LogDirectoryWatcher: A directory notification for '../../Plugins/Media/MediaCompositing/Content/' was aborted.
[2018.08.06-03.48.10:254][761]LogDirectoryWatcher: A directory notification for '../../Plugins/Runtime/AppleARKit/Content/' was aborted.
[2018.08.06-03.48.10:254][761]LogDirectoryWatcher: A directory notification for '../../Plugins/Runtime/Oculus/OculusVR/Content/' was aborted.
[2018.08.06-03.48.10:254][761]LogDirectoryWatcher: A directory notification for '../../Plugins/Runtime/Steam/SteamVR/Content/' was aborted.
[2018.08.06-03.48.10:315][761]LogExit: Object subsystem successfully closed.
[2018.08.06-03.48.10:335][761]LogShaderCompilers: Display: Shaders left to compile 0
[2018.08.06-03.48.10:338][761]LogD3D11RHI: Shutdown
[2018.08.06-03.48.10:338][761]LogD3D11RHI: CleanupD3DDevice
[2018.08.06-03.48.10:340][761]LogD3D11RHI: ~FD3D11DynamicRHI
[2018.08.06-03.48.10:351][761]LogModuleManager: Shutting down and abandoning module ExternalImagePicker (576)
[2018.08.06-03.48.10:351][761]LogModuleManager: Shutting down and abandoning module HierarchicalLODOutliner (574)
[2018.08.06-03.48.10:351][761]LogModuleManager: Shutting down and abandoning module SceneOutliner (572)
[2018.08.06-03.48.10:352][761]LogModuleManager: Shutting down and abandoning module AddContentDialog (570)
[2018.08.06-03.48.10:352][761]LogDirectoryWatcher: A directory notification for 'C:/Program Files (x86)/Epic Games/UE_4.19/FeaturePacks/' was aborted.
[2018.08.06-03.48.10:352][761]LogModuleManager: Shutting down and abandoning module WidgetCarousel (569)
[2018.08.06-03.48.10:352][761]LogModuleManager: Shutting down and abandoning module EditorWidgets (566)
[2018.08.06-03.48.10:352][761]LogModuleManager: Shutting down and abandoning module CollectionManager (564)
[2018.08.06-03.48.10:352][761]LogDirectoryWatcher: A directory notification for 'C:/Users/Baeum/Documents/Amaranth Center/MyProject/Content/Collections/' was aborted.
[2018.08.06-03.48.10:352][761]LogDirectoryWatcher: A directory notification for 'C:/Users/Baeum/Documents/Amaranth Center/MyProject/Content/Developers/Baeum/Collections/' was aborted.
[2018.08.06-03.48.10:353][761]LogDirectoryWatcher: A directory notification for 'C:/Users/Baeum/Documents/Amaranth Center/MyProject/Saved/Collections/' was aborted.
[2018.08.06-03.48.10:353][761]LogModuleManager: Shutting down and abandoning module StatsViewer (562)
[2018.08.06-03.48.10:353][761]LogModuleManager: Shutting down and abandoning module FoliageEdit (560)
[2018.08.06-03.48.10:353][761]LogModuleManager: Shutting down and abandoning module LandscapeEditor (558)
[2018.08.06-03.48.10:353][761]LogModuleManager: Shutting down and abandoning module MeshPaintMode (556)
[2018.08.06-03.48.10:353][761]LogModuleManager: Shutting down and abandoning module SceneDepthPickerMode (554)
[2018.08.06-03.48.10:353][761]LogModuleManager: Shutting down and abandoning module ActorPickerMode (552)
[2018.08.06-03.48.10:353][761]LogModuleManager: Shutting down and abandoning module GeometryMode (550)
[2018.08.06-03.48.10:353][761]LogModuleManager: Shutting down and abandoning module TextureAlignMode (548)
[2018.08.06-03.48.10:353][761]LogModuleManager: Shutting down and abandoning module BspMode (546)
[2018.08.06-03.48.10:353][761]LogModuleManager: Shutting down and abandoning module PIEPreviewDeviceProfileSelector (544)
[2018.08.06-03.48.10:353][761]LogModuleManager: Shutting down and abandoning module HardwareSurvey (542)
[2018.08.06-03.48.10:353][761]LogModuleManager: Shutting down and abandoning module SequenceRecorderSections (540)
[2018.08.06-03.48.10:353][761]LogModuleManager: Shutting down and abandoning module AutomationWorker (538)
[2018.08.06-03.48.10:353][761]LogModuleManager: Shutting down and abandoning module AudioCaptureEditor (536)
[2018.08.06-03.48.10:353][761]LogModuleManager: Shutting down and abandoning module SequenceRecorder (535)
[2018.08.06-03.48.10:353][761]LogModuleManager: Shutting down and abandoning module MatineeToLevelSequence (532)
[2018.08.06-03.48.10:353][761]LogModuleManager: Shutting down and abandoning module LevelSequenceEditor (530)
[2018.08.06-03.48.10:353][761]LogModuleManager: Shutting down and abandoning module PlacementMode (529)
[2018.08.06-03.48.10:353][761]LogModuleManager: Shutting down and abandoning module MaterialEditor (528)
[2018.08.06-03.48.10:353][761]LogModuleManager: Shutting down and abandoning module WmfMediaFactory (524)
[2018.08.06-03.48.10:353][761]LogModuleManager: Shutting down and abandoning module WmfMediaEditor (522)
[2018.08.06-03.48.10:353][761]LogModuleManager: Shutting down and abandoning module MediaPlayerEditor (520)
[2018.08.06-03.48.10:353][761]LogModuleManager: Shutting down and abandoning module OpenExrWrapper (518)
[2018.08.06-03.48.10:353][761]LogModuleManager: Shutting down and abandoning module ImgMediaFactory (516)
[2018.08.06-03.48.10:353][761]LogModuleManager: Shutting down and abandoning module ImgMediaEditor (514)
[2018.08.06-03.48.10:353][761]LogModuleManager: Shutting down and abandoning module AvfMediaFactory (512)
[2018.08.06-03.48.10:353][761]LogModuleManager: Shutting down and abandoning module AvfMediaEditor (510)
[2018.08.06-03.48.10:353][761]LogModuleManager: Shutting down and abandoning module AndroidMediaFactory (508)
[2018.08.06-03.48.10:353][761]LogModuleManager: Shutting down and abandoning module AndroidMediaEditor (506)
[2018.08.06-03.48.10:353][761]LogModuleManager: Shutting down and abandoning module CharacterAI (504)
[2018.08.06-03.48.10:353][761]LogModuleManager: Shutting down and abandoning module SmartSnapping (502)
[2018.08.06-03.48.10:353][761]LogModuleManager: Shutting down and abandoning module SessionServices (500)
[2018.08.06-03.48.10:353][761]LogModuleManager: Shutting down and abandoning module ViewportSnapping (498)
[2018.08.06-03.48.10:353][761]LogModuleManager: Shutting down and abandoning module ViewportInteraction (496)
[2018.08.06-03.48.10:353][761]LogModuleManager: Shutting down and abandoning module ClothPainter (494)
[2018.08.06-03.48.10:353][761]LogModuleManager: Shutting down and abandoning module SkeletalMeshEditor (493)
[2018.08.06-03.48.10:353][761]LogModuleManager: Shutting down and abandoning module LogVisualizer (490)
[2018.08.06-03.48.10:353][761]LogModuleManager: Shutting down and abandoning module IntroTutorials (488)
[2018.08.06-03.48.10:354][761]LogModuleManager: Shutting down and abandoning module GameProjectGeneration (487)
[2018.08.06-03.48.10:354][761]LogModuleManager: Shutting down and abandoning module IOSPlatformEditor (484)
[2018.08.06-03.48.10:354][761]LogModuleManager: Shutting down and abandoning module HTML5PlatformEditor (482)
[2018.08.06-03.48.10:354][761]LogModuleManager: Shutting down and abandoning module AndroidPlatformEditor (480)
[2018.08.06-03.48.10:354][761]LogModuleManager: Shutting down and abandoning module AndroidDeviceDetection (479)
[2018.08.06-03.48.11:261][761]LogModuleManager: Shutting down and abandoning module WindowsPlatformEditor (476)
[2018.08.06-03.48.11:261][761]LogModuleManager: Shutting down and abandoning module IOSRuntimeSettings (474)
[2018.08.06-03.48.11:261][761]LogModuleManager: Shutting down and abandoning module AndroidRuntimeSettings (472)
[2018.08.06-03.48.11:261][761]LogModuleManager: Shutting down and abandoning module InputBindingEditor (470)
[2018.08.06-03.48.11:261][761]LogModuleManager: Shutting down and abandoning module MergeActors (468)
[2018.08.06-03.48.11:261][761]LogModuleManager: Shutting down and abandoning module LocalizationDashboard (466)
[2018.08.06-03.48.11:261][761]LogModuleManager: Shutting down and abandoning module LocalizationService (465)
[2018.08.06-03.48.11:261][761]LogModuleManager: Shutting down and abandoning module HardwareTargeting (462)
[2018.08.06-03.48.11:261][761]LogModuleManager: Shutting down and abandoning module DeviceProfileEditor (460)
[2018.08.06-03.48.11:261][761]LogModuleManager: Shutting down and abandoning module UndoHistory (458)
[2018.08.06-03.48.11:261][761]LogModuleManager: Shutting down and abandoning module XmlParser (456)
[2018.08.06-03.48.11:261][761]LogModuleManager: Shutting down and abandoning module Blutility (454)
[2018.08.06-03.48.11:261][761]LogModuleManager: Shutting down and abandoning module ProjectSettingsViewer (452)
[2018.08.06-03.48.11:261][761]LogModuleManager: Shutting down and abandoning module ProjectTargetPlatformEditor (451)
[2018.08.06-03.48.11:261][761]LogModuleManager: Shutting down and abandoning module EditorSettingsViewer (448)
[2018.08.06-03.48.11:261][761]LogModuleManager: Shutting down and abandoning module SettingsEditor (446)
[2018.08.06-03.48.11:261][761]LogModuleManager: Shutting down and abandoning module ProjectLauncher (444)
[2018.08.06-03.48.11:261][761]LogModuleManager: Shutting down and abandoning module SessionFrontend (442)
[2018.08.06-03.48.11:261][761]LogModuleManager: Shutting down and abandoning module ProfilerClient (440)
[2018.08.06-03.48.11:261][761]LogModuleManager: Shutting down and abandoning module DeviceManager (438)
[2018.08.06-03.48.11:261][761]LogModuleManager: Shutting down and abandoning module TargetDeviceServices (437)
[2018.08.06-03.48.11:316][761]LogModuleManager: Shutting down and abandoning module AutomationController (434)
[2018.08.06-03.48.11:316][761]LogModuleManager: Shutting down and abandoning module AutomationWindow (432)
[2018.08.06-03.48.11:316][761]LogModuleManager: Shutting down and abandoning module Layers (430)
[2018.08.06-03.48.11:316][761]LogModuleManager: Shutting down and abandoning module ComponentVisualizers (428)
[2018.08.06-03.48.11:316][761]LogModuleManager: Shutting down and abandoning module DetailCustomizations (426)
[2018.08.06-03.48.11:316][761]LogModuleManager: Shutting down and abandoning module PackagesDialog (424)
[2018.08.06-03.48.11:316][761]LogModuleManager: Shutting down and abandoning module Persona (422)
[2018.08.06-03.48.11:316][761]LogModuleManager: Shutting down and abandoning module AdvancedPreviewScene (421)
[2018.08.06-03.48.11:316][761]LogModuleManager: Shutting down and abandoning module AnimGraph (419)
[2018.08.06-03.48.11:316][761]LogModuleManager: Shutting down and abandoning module Kismet (416)
[2018.08.06-03.48.11:316][761]LogModuleManager: Shutting down and abandoning module GraphEditor (414)
[2018.08.06-03.48.11:316][761]LogModuleManager: Shutting down and abandoning module ClassViewer (412)
[2018.08.06-03.48.11:316][761]LogModuleManager: Shutting down and abandoning module Toolbox (410)
[2018.08.06-03.48.11:316][761]LogModuleManager: Shutting down and abandoning module ModuleUI (408)
[2018.08.06-03.48.11:316][761]LogModuleManager: Shutting down and abandoning module MovieSceneTools (406)
[2018.08.06-03.48.11:316][761]LogModuleManager: Shutting down and abandoning module OutputLog (404)
[2018.08.06-03.48.11:316][761]LogModuleManager: Shutting down and abandoning module GammaUI (402)
[2018.08.06-03.48.11:316][761]LogModuleManager: Shutting down and abandoning module Documentation (400)
[2018.08.06-03.48.11:316][761]LogModuleManager: Shutting down and abandoning module MovieSceneTracks (398)
[2018.08.06-03.48.11:316][761]LogModuleManager: Shutting down and abandoning module MovieScene (396)
[2018.08.06-03.48.11:316][761]LogModuleManager: Shutting down and abandoning module StreamingPauseRendering (394)
[2018.08.06-03.48.11:316][761]LogModuleManager: Shutting down and abandoning module LauncherPlatform (392)
[2018.08.06-03.48.11:316][761]LogModuleManager: Shutting down and abandoning module AnalyticsET (390)
[2018.08.06-03.48.11:316][761]LogModuleManager: Shutting down and abandoning module PortalServices (388)
[2018.08.06-03.48.11:316][761]LogModuleManager: Shutting down and abandoning module PortalRpc (386)
[2018.08.06-03.48.11:316][761]LogModuleManager: Shutting down and abandoning module MessagingRpc (384)
[2018.08.06-03.48.11:316][761]LogModuleManager: Shutting down and abandoning module AIModule (382)
[2018.08.06-03.48.11:317][761]LogModuleManager: Shutting down and abandoning module GameplayDebugger (381)
[2018.08.06-03.48.11:317][761]LogModuleManager: Shutting down and abandoning module AITestSuite (379)
[2018.08.06-03.48.11:317][761]LogModuleManager: Shutting down and abandoning module DesktopPlatform (376)
[2018.08.06-03.48.11:317][761]LogModuleManager: Shutting down and abandoning module ProfilerService (374)
[2018.08.06-03.48.11:385][761]LogModuleManager: Shutting down and abandoning module TaskGraph (372)
[2018.08.06-03.48.11:385][761]LogModuleManager: Shutting down and abandoning module SteamVRController (370)
[2018.08.06-03.48.11:385][761]LogModuleManager: Shutting down and abandoning module ProceduralMeshComponentEditor (368)
[2018.08.06-03.48.11:385][761]LogModuleManager: Shutting down and abandoning module ProceduralMeshComponent (366)
[2018.08.06-03.48.11:385][761]LogModuleManager: Shutting down and abandoning module OculusInput (364)
[2018.08.06-03.48.11:385][761]LogModuleManager: Shutting down and abandoning module MobilePatchingUtils (362)
[2018.08.06-03.48.11:385][761]LogModuleManager: Shutting down and abandoning module CustomMeshComponent (360)
[2018.08.06-03.48.11:385][761]LogModuleManager: Shutting down and abandoning module CableComponent (358)
[2018.08.06-03.48.11:385][761]LogModuleManager: Shutting down and abandoning module AudioCapture (356)
[2018.08.06-03.48.11:385][761]LogModuleManager: Shutting down and abandoning module ArchVisCharacter (354)
[2018.08.06-03.48.11:385][761]LogModuleManager: Shutting down and abandoning module AndroidPermission (352)
[2018.08.06-03.48.11:385][761]LogModuleManager: Shutting down and abandoning module NUTUnrealEngine4 (348)
[2018.08.06-03.48.11:385][761]LogModuleManager: Shutting down and abandoning module NetcodeUnitTest (346)
[2018.08.06-03.48.11:385][761]LogModuleManager: Shutting down and abandoning module MediaCompositingEditor (344)
[2018.08.06-03.48.11:385][761]LogModuleManager: Shutting down and abandoning module MediaCompositing (342)
[2018.08.06-03.48.11:385][761]LogModuleManager: Shutting down and abandoning module LinearTimecode (340)
[2018.08.06-03.48.11:385][761]LogModuleManager: Shutting down and abandoning module ImgMedia (338)
[2018.08.06-03.48.11:387][761]LogModuleManager: Shutting down and abandoning module HTML5Networking (336)
[2018.08.06-03.48.11:387][761]LogModuleManager: Shutting down and abandoning module AlembicImporter (334)
[2018.08.06-03.48.11:387][761]LogModuleManager: Shutting down and abandoning module AlembicLibrary (333)
[2018.08.06-03.48.11:387][761]LogModuleManager: Shutting down and abandoning module GeometryCache (332)
[2018.08.06-03.48.11:387][761]LogModuleManager: Shutting down and abandoning module GeometryCacheEd (331)
[2018.08.06-03.48.11:387][761]LogModuleManager: Shutting down and abandoning module DatasmithContent (326)
[2018.08.06-03.48.11:387][761]LogModuleManager: Shutting down and abandoning module SpeedTreeImporter (324)
[2018.08.06-03.48.11:387][761]LogModuleManager: Shutting down and abandoning module PluginBrowser (322)
[2018.08.06-03.48.11:387][761]LogModuleManager: Shutting down and abandoning module MobileLauncherProfileWizard (320)
[2018.08.06-03.48.11:387][761]LogModuleManager: Shutting down and abandoning module CryptoKeysOpenSSL (318)
[2018.08.06-03.48.11:387][761]LogModuleManager: Shutting down and abandoning module CryptoKeys (316)
[2018.08.06-03.48.11:387][761]LogModuleManager: Shutting down and abandoning module VisualStudioSourceCodeAccess (314)
[2018.08.06-03.48.11:387][761]LogModuleManager: Shutting down and abandoning module VisualStudioCodeSourceCodeAccess (312)
[2018.08.06-03.48.11:387][761]LogModuleManager: Shutting down and abandoning module UObjectPlugin (310)
[2018.08.06-03.48.11:387][761]LogModuleManager: Shutting down and abandoning module SubversionSourceControl (308)
[2018.08.06-03.48.11:387][761]LogModuleManager: Shutting down and abandoning module PerforceSourceControl (306)
[2018.08.06-03.48.11:387][761]LogModuleManager: Shutting down and abandoning module GitSourceControl (304)
[2018.08.06-03.48.11:387][761]LogModuleManager: Shutting down and abandoning module SourceControl (303)
[2018.08.06-03.48.11:388][761]LogModuleManager: Shutting down and abandoning module CLionSourceCodeAccess (300)
[2018.08.06-03.48.11:388][761]LogModuleManager: Shutting down and abandoning module LightPropagationVolumeEditor (298)
[2018.08.06-03.48.11:388][761]LogModuleManager: Shutting down and abandoning module PaperTiledImporter (296)
[2018.08.06-03.48.11:388][761]LogModuleManager: Shutting down and abandoning module PaperSpriteSheetImporter (294)
[2018.08.06-03.48.11:388][761]LogModuleManager: Shutting down and abandoning module Paper2DEditor (292)
[2018.08.06-03.48.11:388][761]LogModuleManager: Shutting down and abandoning module MeshPaint (291)
[2018.08.06-03.48.11:388][761]LogModuleManager: Shutting down and abandoning module RuntimePhysXCooking (288)
[2018.08.06-03.48.11:388][761]LogModuleManager: Shutting down and abandoning module PhysXVehiclesEditor (286)
[2018.08.06-03.48.11:388][761]LogModuleManager: Shutting down and abandoning module PhysXVehicles (284)
[2018.08.06-03.48.11:388][761]LogModuleManager: Shutting down and abandoning module OculusEditor (282)
[2018.08.06-03.48.11:388][761]LogModuleManager: Shutting down and abandoning module LocationServicesBPLibrary (280)
[2018.08.06-03.48.11:388][761]LogModuleManager: Shutting down and abandoning module ImmediatePhysicsEditor (278)
[2018.08.06-03.48.11:388][761]LogModuleManager: Shutting down and abandoning module ImmediatePhysics (276)
[2018.08.06-03.48.11:388][761]LogModuleManager: Shutting down and abandoning module ActorSequence (274)
[2018.08.06-03.48.11:388][761]LogModuleManager: Shutting down and abandoning module UdpMessaging (272)
[2018.08.06-03.48.11:488][761]LogModuleManager: Shutting down and abandoning module TcpMessaging (270)
[2018.08.06-03.48.11:589][761]LogModuleManager: Shutting down and abandoning module GameplayTagsEditor (268)
[2018.08.06-03.48.11:589][761]LogModuleManager: Shutting down and abandoning module FacialAnimationEditor (266)
[2018.08.06-03.48.11:589][761]LogModuleManager: Shutting down and abandoning module FacialAnimation (264)
[2018.08.06-03.48.11:589][761]LogModuleManager: Shutting down and abandoning module DataValidation (262)
[2018.08.06-03.48.11:589][761]LogModuleManager: Shutting down and abandoning module AssetManagerEditor (260)
[2018.08.06-03.48.11:589][761]LogModuleManager: Shutting down and abandoning module LevelEditor (259)
[2018.08.06-03.48.11:589][761]LogModuleManager: Shutting down and abandoning module PixelInspectorModule (258)
[2018.08.06-03.48.11:589][761]LogModuleManager: Shutting down and abandoning module CommonMenuExtensions (256)
[2018.08.06-03.48.11:589][761]LogModuleManager: Shutting down and abandoning module MainFrame (254)
[2018.08.06-03.48.11:589][761]LogModuleManager: Shutting down and abandoning module HotReload (253)
[2018.08.06-03.48.11:590][761]LogModuleManager: Shutting down and abandoning module ContentBrowser (249)
[2018.08.06-03.48.11:591][761]LogModuleManager: Shutting down and abandoning module TreeMap (247)
[2018.08.06-03.48.11:591][761]LogModuleManager: Shutting down and abandoning module LightPropagationVolumeRuntime (244)
[2018.08.06-03.48.11:591][761]LogModuleManager: Shutting down and abandoning module LiveLinkEditor (242)
[2018.08.06-03.48.11:591][761]LogModuleManager: Shutting down and abandoning module LiveLink (240)
[2018.08.06-03.48.11:793][761]LogModuleManager: Shutting down and abandoning module Paper2D (238)
[2018.08.06-03.48.11:793][761]LogModuleManager: Shutting down and abandoning module WindowsMoviePlayer (236)
[2018.08.06-03.48.11:793][761]LogModuleManager: Shutting down and abandoning module WmfMedia (234)
[2018.08.06-03.48.11:794][761]LogModuleManager: Shutting down and abandoning module PacketHandler (232)
[2018.08.06-03.48.11:794][761]LogModuleManager: Shutting down and abandoning module ClothingSystemEditor (230)
[2018.08.06-03.48.11:794][761]LogModuleManager: Shutting down and abandoning module ClothingSystemRuntime (228)
[2018.08.06-03.48.11:794][761]LogModuleManager: Shutting down and abandoning module MediaAssets (226)
[2018.08.06-03.48.11:794][761]LogModuleManager: Shutting down and abandoning module Media (225)
[2018.08.06-03.48.11:800][761]LogModuleManager: Shutting down and abandoning module Overlay (222)
[2018.08.06-03.48.11:800][761]LogModuleManager: Shutting down and abandoning module OverlayEditor (221)
[2018.08.06-03.48.11:800][761]LogModuleManager: Shutting down and abandoning module VREditor (218)
[2018.08.06-03.48.11:800][761]LogModuleManager: Shutting down and abandoning module StringTableEditor (216)
[2018.08.06-03.48.11:800][761]LogModuleManager: Shutting down and abandoning module GameplayTasksEditor (214)
[2018.08.06-03.48.11:800][761]LogModuleManager: Shutting down and abandoning module BehaviorTreeEditor (212)
[2018.08.06-03.48.11:800][761]LogModuleManager: Shutting down and abandoning module FunctionalTesting (210)
[2018.08.06-03.48.11:800][761]LogModuleManager: Shutting down and abandoning module CollisionAnalyzer (208)
[2018.08.06-03.48.11:800][761]LogModuleManager: Shutting down and abandoning module WorkspaceMenuStructure (207)
[2018.08.06-03.48.11:800][761]LogModuleManager: Shutting down and abandoning module UMG (204)
[2018.08.06-03.48.11:800][761]LogModuleManager: Shutting down and abandoning module UMGEditor (203)
[2018.08.06-03.48.11:800][761]LogModuleManager: Shutting down and abandoning module Sequencer (202)
[2018.08.06-03.48.11:800][761]LogModuleManager: Shutting down and abandoning module MessageLog (199)
[2018.08.06-03.48.11:800][761]LogModuleManager: Shutting down and abandoning module SlateReflector (194)
[2018.08.06-03.48.11:800][761]LogModuleManager: Shutting down and abandoning module Slate (192)
[2018.08.06-03.48.11:800][761]LogModuleManager: Shutting down and abandoning module EditorStyle (190)
[2018.08.06-03.48.11:802][761]LogModuleManager: Shutting down and abandoning module MRMesh (188)
[2018.08.06-03.48.11:802][761]LogModuleManager: Shutting down and abandoning module SourceCodeAccess (186)
[2018.08.06-03.48.11:802][761]LogModuleManager: Shutting down and abandoning module HeadMountedDisplay (184)
[2018.08.06-03.48.11:802][761]LogModuleManager: Shutting down and abandoning module XAudio2 (182)
[2018.08.06-03.48.11:802][761]LogModuleManager: Shutting down and abandoning module Networking (180)
[2018.08.06-03.48.11:802][761]LogModuleManager: Shutting down and abandoning module Core (178)
[2018.08.06-03.48.11:802][761]LogModuleManager: Shutting down and abandoning module LevelSequence (176)
[2018.08.06-03.48.11:802][761]LogModuleManager: Shutting down and abandoning module KismetCompiler (174)
[2018.08.06-03.48.11:802][761]LogModuleManager: Shutting down and abandoning module MeshUtilities (172)
[2018.08.06-03.48.11:802][761]LogModuleManager: Shutting down and abandoning module MeshMergeUtilities (171)
[2018.08.06-03.48.11:802][761]LogModuleManager: Shutting down and abandoning module MeshReductionInterface (170)
[2018.08.06-03.48.11:802][761]LogModuleManager: Shutting down and abandoning module SimplygonSwarm (169)
[2018.08.06-03.48.11:802][761]LogModuleManager: Shutting down and abandoning module SimplygonMeshReduction (167)
[2018.08.06-03.48.11:802][761]LogModuleManager: Shutting down and abandoning module QuadricMeshReduction (165)
[2018.08.06-03.48.11:802][761]LogModuleManager: Shutting down and abandoning module MaterialBaking (161)
[2018.08.06-03.48.11:802][761]LogModuleManager: Shutting down and abandoning module DirectoryWatcher (157)
[2018.08.06-03.48.11:803][761]LogModuleManager: Shutting down and abandoning module DerivedDataCache (154)
[2018.08.06-03.48.11:903][761]LogDerivedDataCache: Shutdown
[2018.08.06-03.48.11:903][761]LogModuleManager: Shutting down and abandoning module XGEController (152)
[2018.08.06-03.48.11:903][761]LogModuleManager: Shutting down and abandoning module TargetPlatform (150)
[2018.08.06-03.48.11:903][761]LogModuleManager: Shutting down and abandoning module VulkanShaderFormat (149)
[2018.08.06-03.48.11:903][761]LogModuleManager: Shutting down and abandoning module ShaderFormatVectorVM (147)
[2018.08.06-03.48.11:903][761]LogModuleManager: Shutting down and abandoning module ShaderFormatOpenGL (145)
[2018.08.06-03.48.11:903][761]LogModuleManager: Shutting down and abandoning module ShaderFormatD3D (143)
[2018.08.06-03.48.11:903][761]LogModuleManager: Shutting down and abandoning module MetalShaderFormat (141)
[2018.08.06-03.48.11:903][761]LogModuleManager: Shutting down and abandoning module TextureFormatUncompressed (139)
[2018.08.06-03.48.11:903][761]LogModuleManager: Shutting down and abandoning module TextureFormatPVR (137)
[2018.08.06-03.48.11:903][761]LogModuleManager: Shutting down and abandoning module TextureFormatDXT (135)
[2018.08.06-03.48.11:903][761]LogModuleManager: Shutting down and abandoning module TextureFormatIntelISPCTexComp (133)
[2018.08.06-03.48.11:903][761]LogModuleManager: Shutting down and abandoning module TextureFormatASTC (131)
[2018.08.06-03.48.11:903][761]LogModuleManager: Shutting down and abandoning module ImageWrapper (130)
[2018.08.06-03.48.11:903][761]LogModuleManager: Shutting down and abandoning module TextureFormatAndroid (127)
[2018.08.06-03.48.11:903][761]LogModuleManager: Shutting down and abandoning module AudioFormatOpus (125)
[2018.08.06-03.48.11:903][761]LogModuleManager: Shutting down and abandoning module AudioFormatOgg (123)
[2018.08.06-03.48.11:903][761]LogModuleManager: Shutting down and abandoning module AudioFormatADPCM (121)
[2018.08.06-03.48.11:903][761]LogModuleManager: Shutting down and abandoning module LinuxTargetPlatform (119)
[2018.08.06-03.48.11:903][761]LogModuleManager: Shutting down and abandoning module LinuxServerTargetPlatform (117)
[2018.08.06-03.48.11:903][761]LogModuleManager: Shutting down and abandoning module LinuxNoEditorTargetPlatform (115)
[2018.08.06-03.48.11:903][761]LogModuleManager: Shutting down and abandoning module LinuxClientTargetPlatform (113)
[2018.08.06-03.48.11:903][761]LogModuleManager: Shutting down and abandoning module TVOSTargetPlatform (111)
[2018.08.06-03.48.11:903][761]LogModuleManager: Shutting down and abandoning module Messaging (109)
[2018.08.06-03.48.11:903][761]LogModuleManager: Shutting down and abandoning module IOSTargetPlatform (107)
[2018.08.06-03.48.11:903][761]LogModuleManager: Shutting down and abandoning module HTML5TargetPlatform (105)
[2018.08.06-03.48.11:903][761]LogModuleManager: Shutting down and abandoning module AndroidTargetPlatform (103)
[2018.08.06-03.48.11:903][761]LogModuleManager: Shutting down and abandoning module Android_PVRTCTargetPlatform (101)
[2018.08.06-03.48.11:903][761]LogModuleManager: Shutting down and abandoning module Android_MultiTargetPlatform (99)
[2018.08.06-03.48.11:903][761]LogModuleManager: Shutting down and abandoning module Android_ETC2TargetPlatform (97)
[2018.08.06-03.48.11:903][761]LogModuleManager: Shutting down and abandoning module Android_ETC1TargetPlatform (95)
[2018.08.06-03.48.11:903][761]LogModuleManager: Shutting down and abandoning module Android_ETC1aTargetPlatform (93)
[2018.08.06-03.48.11:903][761]LogModuleManager: Shutting down and abandoning module Android_DXTTargetPlatform (91)
[2018.08.06-03.48.11:903][761]LogModuleManager: Shutting down and abandoning module Android_ATCTargetPlatform (89)
[2018.08.06-03.48.11:903][761]LogModuleManager: Shutting down and abandoning module Android_ASTCTargetPlatform (87)
[2018.08.06-03.48.11:903][761]LogModuleManager: Shutting down and abandoning module WindowsTargetPlatform (85)
[2018.08.06-03.48.11:903][761]LogModuleManager: Shutting down and abandoning module WindowsServerTargetPlatform (83)
[2018.08.06-03.48.11:903][761]LogModuleManager: Shutting down and abandoning module WindowsNoEditorTargetPlatform (81)
[2018.08.06-03.48.11:903][761]LogModuleManager: Shutting down and abandoning module WindowsClientTargetPlatform (79)
[2018.08.06-03.48.11:903][761]LogModuleManager: Shutting down and abandoning module MacTargetPlatform (77)
[2018.08.06-03.48.11:903][761]LogModuleManager: Shutting down and abandoning module MacServerTargetPlatform (75)
[2018.08.06-03.48.11:903][761]LogModuleManager: Shutting down and abandoning module MacNoEditorTargetPlatform (73)
[2018.08.06-03.48.11:903][761]LogModuleManager: Shutting down and abandoning module MacClientTargetPlatform (71)
[2018.08.06-03.48.11:903][761]LogModuleManager: Shutting down and abandoning module AllDesktopTargetPlatform (69)
[2018.08.06-03.48.11:903][761]LogModuleManager: Shutting down and abandoning module InputCore (66)
[2018.08.06-03.48.11:903][761]LogModuleManager: Shutting down and abandoning module Settings (64)
[2018.08.06-03.48.11:903][761]LogModuleManager: Shutting down and abandoning module PhysXCooking (62)
[2018.08.06-03.48.11:904][761]LogModuleManager: Shutting down and abandoning module SteamVR (60)
[2018.08.06-03.48.11:904][761]LogModuleManager: Shutting down and abandoning module OculusHMD (58)
[2018.08.06-03.48.11:904][761]LogModuleManager: Shutting down and abandoning module ExampleDeviceProfileSelector (56)
[2018.08.06-03.48.11:904][761]LogModuleManager: Shutting down and abandoning module AppleARKit (54)
[2018.08.06-03.48.11:904][761]LogModuleManager: Shutting down and abandoning module AugmentedReality (51)
[2018.08.06-03.48.11:904][761]LogModuleManager: Shutting down and abandoning module OnlineBlueprintSupport (48)
[2018.08.06-03.48.11:904][761]LogModuleManager: Shutting down and abandoning module OnlineSubsystem (44)
[2018.08.06-03.48.11:904][761]LogModuleManager: Shutting down and abandoning module XMPP (43)
[2018.08.06-03.48.11:904][761]LogModuleManager: Shutting down and abandoning module HTTP (41)
[2018.08.06-03.48.11:904][761]LogHttp: Display: Http module shutting down, but needs to wait on 1 outstanding Http requests:
[2018.08.06-03.48.11:904][761]LogHttp: Display: 	verb=[POST] url=[https://datarouter.ol.epicgames.com/datarouter/api/v1/public/data?SessionID=%7B091DF867-4EE8-832C-64A8-4AABCD146F18%7D&AppID=UEEditor.Rocket.Release&AppVersion=4.19.0-3944462%2B%2B%2BUE4%2BRelease-4.19&UserID=fb479b2249fc7a92d7c8f3bdadcbe6a2%7C5790ec6fb4da4a2997f126513ae08afd%7C3a9a2400-6f55-430e-a823-c07a609b5801&AppEnvironment=datacollector-binary&UploadType=eteventstream] status=Processing
[2018.08.06-03.48.11:926][761]LogModuleManager: Shutting down and abandoning module SSL (40)
[2018.08.06-03.48.11:927][761]LogModuleManager: Shutting down and abandoning module AnimationModifiers (36)
[2018.08.06-03.48.11:927][761]LogModuleManager: Shutting down and abandoning module PropertyEditor (35)
[2018.08.06-03.48.11:928][761]LogModuleManager: Shutting down and abandoning module AudioEditor (32)
[2018.08.06-03.48.11:928][761]LogModuleManager: Shutting down and abandoning module TextureCompressor (30)
[2018.08.06-03.48.11:928][761]LogModuleManager: Shutting down and abandoning module ShaderCore (28)
[2018.08.06-03.48.11:928][761]LogModuleManager: Shutting down and abandoning module Landscape (26)
[2018.08.06-03.48.11:928][761]LogModuleManager: Shutting down and abandoning module SlateRHIRenderer (24)
[2018.08.06-03.48.11:928][761]LogModuleManager: Shutting down and abandoning module OpenGLDrv (22)
[2018.08.06-03.48.11:928][761]LogModuleManager: Shutting down and abandoning module D3D11RHI (20)
[2018.08.06-03.48.11:928][761]LogModuleManager: Shutting down and abandoning module AnimGraphRuntime (18)
[2018.08.06-03.48.11:928][761]LogModuleManager: Shutting down and abandoning module Renderer (16)
[2018.08.06-03.48.11:928][761]LogModuleManager: Shutting down and abandoning module Engine (14)
[2018.08.06-03.48.11:928][761]LogModuleManager: Shutting down and abandoning module CoreUObject (12)
[2018.08.06-03.48.11:928][761]LogModuleManager: Shutting down and abandoning module NetworkFile (10)
[2018.08.06-03.48.11:928][761]LogModuleManager: Shutting down and abandoning module CookedIterativeFile (8)
[2018.08.06-03.48.11:928][761]LogModuleManager: Shutting down and abandoning module StreamingFile (6)
[2018.08.06-03.48.11:929][761]LogModuleManager: Shutting down and abandoning module SandboxFile (4)
[2018.08.06-03.48.11:929][761]LogModuleManager: Shutting down and abandoning module PakFile (2)
[2018.08.06-03.48.11:931][761]LogExit: Exiting.
[2018.08.06-03.48.11:939][761]Log file closed, 08/05/18 22:48:11
